RUN	scala.simulations.Fomula1	fomula1	1683929443144	 	3.3.1
USER	Proxima carrera F1	3	START	1683929444534	1683929444534
USER	Victorias Checo 2023	17	START	1683929444545	1683929444545
USER	Proxima carrera F1	9	START	1683929444535	1683929444535
USER	Proxima carrera F1	4	START	1683929444534	1683929444534
USER	Proxima carrera F1	6	START	1683929444534	1683929444534
USER	Proxima carrera F1	10	START	1683929444535	1683929444535
USER	Proxima carrera F1	8	START	1683929444535	1683929444535
USER	Proxima carrera F1	7	START	1683929444534	1683929444534
USER	Proxima carrera F1	11	START	1683929444535	1683929444535
USER	Proxima carrera F1	1	START	1683929444534	1683929444534
USER	Todas las temporadas	12	START	1683929444537	1683929444537
USER	Proxima carrera F1	5	START	1683929444534	1683929444534
USER	Proxima carrera F1	2	START	1683929444534	1683929444534
USER	Victorias Checo 2023	18	START	1683929444742	1683929444742
USER	Victorias Checo 2023	19	START	1683929444942	1683929444942
REQUEST	12		Todas las temporadas	1683929444599	1683929444969	OK	 
REQUEST	5		Proxima carrera F1	1683929444599	1683929444969	OK	 
REQUEST	7		Proxima carrera F1	1683929444599	1683929444969	OK	 
REQUEST	11		Proxima carrera F1	1683929444600	1683929444995	OK	 
REQUEST	6		Proxima carrera F1	1683929444600	1683929444969	OK	 
REQUEST	4		Proxima carrera F1	1683929444599	1683929444969	OK	 
REQUEST	1		Proxima carrera F1	1683929444600	1683929445033	OK	 
USER	Todas las temporadas	13	START	1683929445035	1683929445035
REQUEST	3		Proxima carrera F1	1683929444599	1683929445047	OK	 
REQUEST	9		Proxima carrera F1	1683929444600	1683929445066	OK	 
REQUEST	10		Proxima carrera F1	1683929444600	1683929445066	OK	 
REQUEST	8		Proxima carrera F1	1683929444599	1683929445070	OK	 
REQUEST	2		Proxima carrera F1	1683929444600	1683929445072	OK	 
USER	Victorias Checo 2023	20	START	1683929445145	1683929445145
USER	Victorias Checo 2023	21	START	1683929445348	1683929445348
USER	Todas las temporadas	14	START	1683929445534	1683929445534
USER	Victorias Checo 2023	22	START	1683929445550	1683929445550
REQUEST	17		Victorias Checo 2023	1683929444600	1683929445459	KO	xpath((//MRData,List())).find.exists, found nothing
USER	Victorias Checo 2023	23	START	1683929445741	1683929445741
REQUEST	18		Victorias Checo 2023	1683929444743	1683929445628	KO	xpath((//MRData,List())).find.exists, found nothing
USER	Victorias Checo 2023	24	START	1683929445941	1683929445941
USER	Todas las temporadas	15	START	1683929446032	1683929446032
USER	Victorias Checo 2023	25	START	1683929446141	1683929446141
REQUEST	19		Victorias Checo 2023	1683929444943	1683929446306	KO	xpath((//MRData,List())).find.exists, found nothing
USER	Victorias Checo 2023	26	START	1683929446344	1683929446344
REQUEST	13		Todas las temporadas	1683929445035	1683929446427	OK	 
USER	Victorias Checo 2023	27	START	1683929446544	1683929446544
USER	Todas las temporadas	16	START	1683929446560	1683929446560
REQUEST	20		Victorias Checo 2023	1683929445145	1683929446650	KO	xpath((//MRData,List())).find.exists, found nothing
USER	Victorias Checo 2023	28	START	1683929446751	1683929446751
REQUEST	21		Victorias Checo 2023	1683929445349	1683929446861	KO	xpath((//MRData,List())).find.exists, found nothing
USER	Victorias Checo 2023	29	START	1683929446951	1683929446951
REQUEST	14		Todas las temporadas	1683929445535	1683929446960	OK	 
REQUEST	22		Victorias Checo 2023	1683929445551	1683929446960	KO	xpath((//MRData,List())).find.exists, found nothing
USER	Victorias Checo 2023	30	START	1683929447153	1683929447153
REQUEST	23		Victorias Checo 2023	1683929445742	1683929447250	KO	xpath((//MRData,List())).find.exists, found nothing
REQUEST	24		Victorias Checo 2023	1683929445942	1683929447328	KO	xpath((//MRData,List())).find.exists, found nothing
USER	Victorias Checo 2023	31	START	1683929447354	1683929447354
REQUEST	15		Todas las temporadas	1683929446033	1683929447547	OK	 
REQUEST	25		Victorias Checo 2023	1683929446142	1683929447552	KO	xpath((//MRData,List())).find.exists, found nothing
REQUEST	26		Victorias Checo 2023	1683929446345	1683929447679	KO	xpath((//MRData,List())).find.exists, found nothing
REQUEST	27		Victorias Checo 2023	1683929446545	1683929447831	KO	xpath((//MRData,List())).find.exists, found nothing
REQUEST	16		Todas las temporadas	1683929446561	1683929447843	OK	 
REQUEST	28		Victorias Checo 2023	1683929446752	1683929448279	KO	xpath((//MRData,List())).find.exists, found nothing
REQUEST	30		Victorias Checo 2023	1683929447153	1683929448586	KO	xpath((//MRData,List())).find.exists, found nothing
REQUEST	29		Victorias Checo 2023	1683929446952	1683929448586	KO	xpath((//MRData,List())).find.exists, found nothing
REQUEST	31		Victorias Checo 2023	1683929447355	1683929448652	KO	xpath((//MRData,List())).find.exists, found nothing
USER	Proxima carrera F1	6	END	1683929444534	1683929450012
USER	Proxima carrera F1	5	END	1683929444534	1683929450012
USER	Proxima carrera F1	4	END	1683929444534	1683929450012
USER	Proxima carrera F1	7	END	1683929444534	1683929450012
USER	Todas las temporadas	12	END	1683929444537	1683929450012
USER	Proxima carrera F1	11	END	1683929444535	1683929450015
USER	Proxima carrera F1	1	END	1683929444534	1683929450045
USER	Proxima carrera F1	3	END	1683929444534	1683929450061
USER	Proxima carrera F1	8	END	1683929444535	1683929450076
USER	Proxima carrera F1	10	END	1683929444535	1683929450076
USER	Proxima carrera F1	9	END	1683929444535	1683929450076
USER	Proxima carrera F1	2	END	1683929444534	1683929450092
USER	Victorias Checo 2023	17	END	1683929444545	1683929450498
USER	Victorias Checo 2023	18	END	1683929444742	1683929450670
USER	Victorias Checo 2023	19	END	1683929444942	1683929451321
USER	Todas las temporadas	13	END	1683929445035	1683929451447
USER	Victorias Checo 2023	20	END	1683929445145	1683929451664
USER	Victorias Checo 2023	21	END	1683929445348	1683929451881
USER	Todas las temporadas	14	END	1683929445534	1683929451974
USER	Victorias Checo 2023	22	END	1683929445550	1683929451974
USER	Victorias Checo 2023	23	END	1683929445741	1683929452271
USER	Victorias Checo 2023	24	END	1683929445941	1683929452349
USER	Todas las temporadas	15	END	1683929446032	1683929452566
USER	Victorias Checo 2023	25	END	1683929446141	1683929452571
USER	Victorias Checo 2023	26	END	1683929446344	1683929452707
USER	Victorias Checo 2023	27	END	1683929446544	1683929452845
USER	Todas las temporadas	16	END	1683929446560	1683929452861
USER	Victorias Checo 2023	28	END	1683929446751	1683929453299
USER	Victorias Checo 2023	30	END	1683929447153	1683929453610
USER	Victorias Checo 2023	29	END	1683929446951	1683929453610
USER	Victorias Checo 2023	31	END	1683929447354	1683929453661
