RUN	scala.simulations.Fomula1	fomula1	1683930153480	 	3.3.1
USER	Proxima carrera F1	3	START	1683930154807	1683930154807
USER	Proxima carrera F1	7	START	1683930154808	1683930154808
USER	Proxima carrera F1	5	START	1683930154808	1683930154808
USER	Proxima carrera F1	9	START	1683930154808	1683930154808
USER	Proxima carrera F1	4	START	1683930154807	1683930154807
USER	Victorias Checo 2023	17	START	1683930154832	1683930154832
USER	Todas las temporadas	12	START	1683930154825	1683930154825
USER	Proxima carrera F1	6	START	1683930154808	1683930154808
USER	Proxima carrera F1	1	START	1683930154807	1683930154807
USER	Proxima carrera F1	10	START	1683930154818	1683930154818
USER	Proxima carrera F1	11	START	1683930154818	1683930154818
USER	Proxima carrera F1	2	START	1683930154807	1683930154807
USER	Proxima carrera F1	8	START	1683930154808	1683930154808
USER	Victorias Checo 2023	18	START	1683930155028	1683930155028
USER	Victorias Checo 2023	19	START	1683930155217	1683930155217
REQUEST	1		Proxima carrera F1	1683930154871	1683930155248	OK	 
REQUEST	7		Proxima carrera F1	1683930154871	1683930155261	OK	 
REQUEST	11		Proxima carrera F1	1683930154871	1683930155264	OK	 
REQUEST	3		Proxima carrera F1	1683930154871	1683930155251	OK	 
REQUEST	12		Todas las temporadas	1683930154871	1683930155256	OK	 
REQUEST	2		Proxima carrera F1	1683930154871	1683930155248	OK	 
REQUEST	10		Proxima carrera F1	1683930154871	1683930155259	OK	 
REQUEST	9		Proxima carrera F1	1683930154871	1683930155258	OK	 
REQUEST	6		Proxima carrera F1	1683930154871	1683930155288	OK	 
USER	Todas las temporadas	13	START	1683930155321	1683930155321
REQUEST	8		Proxima carrera F1	1683930154871	1683930155333	OK	 
REQUEST	4		Proxima carrera F1	1683930154871	1683930155333	OK	 
REQUEST	5		Proxima carrera F1	1683930154871	1683930155337	OK	 
USER	Victorias Checo 2023	20	START	1683930155417	1683930155417
USER	Victorias Checo 2023	21	START	1683930155619	1683930155619
REQUEST	13		Todas las temporadas	1683930155322	1683930155730	OK	 
REQUEST	17		Victorias Checo 2023	1683930154871	1683930155774	OK	 
USER	Victorias Checo 2023	22	START	1683930155821	1683930155821
USER	Todas las temporadas	14	START	1683930155821	1683930155821
USER	Victorias Checo 2023	23	START	1683930156024	1683930156024
REQUEST	21		Victorias Checo 2023	1683930155620	1683930156077	OK	 
USER	Victorias Checo 2023	24	START	1683930156226	1683930156226
REQUEST	22		Victorias Checo 2023	1683930155821	1683930156229	OK	 
REQUEST	14		Todas las temporadas	1683930155821	1683930156235	OK	 
REQUEST	18		Victorias Checo 2023	1683930155029	1683930156261	OK	 
REQUEST	19		Victorias Checo 2023	1683930155218	1683930156334	OK	 
USER	Todas las temporadas	15	START	1683930156334	1683930156334
USER	Victorias Checo 2023	25	START	1683930156428	1683930156428
REQUEST	23		Victorias Checo 2023	1683930156025	1683930156453	OK	 
REQUEST	20		Victorias Checo 2023	1683930155419	1683930156489	OK	 
REQUEST	24		Victorias Checo 2023	1683930156227	1683930156577	OK	 
USER	Victorias Checo 2023	26	START	1683930156617	1683930156617
REQUEST	15		Todas las temporadas	1683930156335	1683930156694	OK	 
REQUEST	25		Victorias Checo 2023	1683930156429	1683930156765	OK	 
USER	Victorias Checo 2023	27	START	1683930156817	1683930156817
USER	Todas las temporadas	16	START	1683930156831	1683930156831
REQUEST	26		Victorias Checo 2023	1683930156618	1683930156967	OK	 
USER	Victorias Checo 2023	28	START	1683930157017	1683930157017
REQUEST	27		Victorias Checo 2023	1683930156818	1683930157165	OK	 
REQUEST	16		Todas las temporadas	1683930156832	1683930157173	OK	 
USER	Victorias Checo 2023	29	START	1683930157218	1683930157218
USER	Victorias Checo 2023	30	START	1683930157421	1683930157421
REQUEST	28		Victorias Checo 2023	1683930157018	1683930157463	OK	 
REQUEST	29		Victorias Checo 2023	1683930157219	1683930157556	OK	 
USER	Victorias Checo 2023	31	START	1683930157623	1683930157623
REQUEST	30		Victorias Checo 2023	1683930157422	1683930157758	OK	 
REQUEST	31		Victorias Checo 2023	1683930157624	1683930157966	OK	 
USER	Proxima carrera F1	2	END	1683930154807	1683930160272
USER	Proxima carrera F1	1	END	1683930154807	1683930160272
USER	Proxima carrera F1	9	END	1683930154808	1683930160283
USER	Proxima carrera F1	3	END	1683930154807	1683930160283
USER	Proxima carrera F1	10	END	1683930154818	1683930160283
USER	Todas las temporadas	12	END	1683930154825	1683930160283
USER	Proxima carrera F1	7	END	1683930154808	1683930160287
USER	Proxima carrera F1	11	END	1683930154818	1683930160287
USER	Proxima carrera F1	6	END	1683930154808	1683930160300
USER	Proxima carrera F1	8	END	1683930154808	1683930160345
USER	Proxima carrera F1	4	END	1683930154807	1683930160345
USER	Proxima carrera F1	5	END	1683930154808	1683930160345
USER	Todas las temporadas	13	END	1683930155321	1683930160748
USER	Victorias Checo 2023	17	END	1683930154832	1683930160858
USER	Victorias Checo 2023	21	END	1683930155619	1683930161108
USER	Todas las temporadas	14	END	1683930155821	1683930161248
USER	Victorias Checo 2023	22	END	1683930155821	1683930161263
USER	Victorias Checo 2023	18	END	1683930155028	1683930161298
USER	Victorias Checo 2023	19	END	1683930155217	1683930161357
USER	Victorias Checo 2023	23	END	1683930156024	1683930161482
USER	Victorias Checo 2023	20	END	1683930155417	1683930161512
USER	Victorias Checo 2023	24	END	1683930156226	1683930161607
USER	Todas las temporadas	15	END	1683930156334	1683930161714
USER	Victorias Checo 2023	25	END	1683930156428	1683930161777
USER	Victorias Checo 2023	26	END	1683930156617	1683930161993
USER	Todas las temporadas	16	END	1683930156831	1683930162195
USER	Victorias Checo 2023	27	END	1683930156817	1683930162195
USER	Victorias Checo 2023	28	END	1683930157017	1683930162490
USER	Victorias Checo 2023	29	END	1683930157218	1683930162584
USER	Victorias Checo 2023	30	END	1683930157421	1683930162770
USER	Victorias Checo 2023	31	END	1683930157623	1683930162987
