RUN	scala.simulations.GitHubSearch	githubsearch	1683839002946	 	3.3.1
USER	Usuario Estandar	20	START	1683839004298	1683839004298
USER	Usuario Estandar	10	START	1683839004289	1683839004289
USER	Usuario Estandar	3	START	1683839004288	1683839004288
USER	Usuario Estandar	17	START	1683839004297	1683839004297
USER	Usuario Estandar	18	START	1683839004297	1683839004297
USER	Usuario Estandar	4	START	1683839004288	1683839004288
USER	Usuario Estandar	12	START	1683839004295	1683839004295
USER	Usuario Estandar	9	START	1683839004289	1683839004289
USER	Usuario Estandar	22	START	1683839004298	1683839004298
USER	Usuario Estandar	30	START	1683839004381	1683839004381
USER	Usuario Estandar	28	START	1683839004381	1683839004381
USER	Usuario Estandar	27	START	1683839004381	1683839004381
USER	Usuario Estandar	29	START	1683839004381	1683839004381
USER	Usuario Estandar	26	START	1683839004381	1683839004381
USER	Usuario Estandar	25	START	1683839004381	1683839004381
USER	Usuario Estandar	31	START	1683839004382	1683839004382
USER	Usuario Estandar	32	START	1683839004382	1683839004382
USER	Usuario Estandar	34	START	1683839004382	1683839004382
USER	Usuario Estandar	35	START	1683839004382	1683839004382
USER	Usuario Estandar	33	START	1683839004382	1683839004382
USER	Usuario Estandar	36	START	1683839004382	1683839004382
USER	Usuario Estandar	37	START	1683839004382	1683839004382
USER	Usuario Estandar	38	START	1683839004382	1683839004382
USER	Usuario Estandar	39	START	1683839004382	1683839004382
USER	Usuario Estandar	41	START	1683839004382	1683839004382
USER	Usuario Estandar	40	START	1683839004382	1683839004382
USER	Usuario Estandar	43	START	1683839004382	1683839004382
USER	Usuario Estandar	42	START	1683839004382	1683839004382
USER	Usuario Estandar	44	START	1683839004383	1683839004383
USER	Usuario Estandar	46	START	1683839004383	1683839004383
USER	Usuario Estandar	45	START	1683839004383	1683839004383
USER	Usuario Estandar	47	START	1683839004383	1683839004383
USER	Usuario Estandar	48	START	1683839004383	1683839004383
USER	Usuario Estandar	50	START	1683839004383	1683839004383
USER	Usuario Estandar	51	START	1683839004383	1683839004383
USER	Usuario Estandar	49	START	1683839004383	1683839004383
USER	Usuario Estandar	52	START	1683839004383	1683839004383
USER	Usuario Estandar	53	START	1683839004383	1683839004383
USER	Usuario Estandar	54	START	1683839004383	1683839004383
USER	Usuario Estandar	55	START	1683839004383	1683839004383
USER	Usuario Estandar	57	START	1683839004383	1683839004383
USER	Usuario Estandar	56	START	1683839004383	1683839004383
USER	Usuario Estandar	58	START	1683839004383	1683839004383
USER	Usuario Estandar	59	START	1683839004383	1683839004383
USER	Usuario Estandar	60	START	1683839004383	1683839004383
USER	Usuario Estandar	62	START	1683839004384	1683839004384
USER	Usuario Estandar	61	START	1683839004384	1683839004384
USER	Usuario Estandar	63	START	1683839004384	1683839004384
USER	Usuario Estandar	65	START	1683839004384	1683839004384
USER	Usuario Estandar	64	START	1683839004384	1683839004384
USER	Usuario Estandar	67	START	1683839004384	1683839004384
USER	Usuario Estandar	66	START	1683839004384	1683839004384
USER	Usuario Estandar	69	START	1683839004384	1683839004384
USER	Usuario Estandar	68	START	1683839004384	1683839004384
USER	Usuario Estandar	70	START	1683839004384	1683839004384
USER	Usuario Estandar	71	START	1683839004384	1683839004384
USER	Usuario Estandar	72	START	1683839004384	1683839004384
USER	Usuario Estandar	74	START	1683839004384	1683839004384
USER	Usuario Estandar	73	START	1683839004384	1683839004384
USER	Usuario Estandar	75	START	1683839004384	1683839004384
USER	Usuario Estandar	76	START	1683839004384	1683839004384
USER	Usuario Estandar	77	START	1683839004384	1683839004384
USER	Usuario Estandar	78	START	1683839004384	1683839004384
USER	Usuario Estandar	79	START	1683839004384	1683839004384
USER	Usuario Estandar	81	START	1683839004384	1683839004384
USER	Usuario Estandar	80	START	1683839004384	1683839004384
USER	Usuario Estandar	82	START	1683839004385	1683839004385
USER	Usuario Estandar	83	START	1683839004385	1683839004385
USER	Usuario Estandar	86	START	1683839004385	1683839004385
USER	Usuario Estandar	84	START	1683839004385	1683839004385
USER	Usuario Estandar	85	START	1683839004385	1683839004385
USER	Usuario Estandar	87	START	1683839004385	1683839004385
USER	Usuario Estandar	88	START	1683839004385	1683839004385
USER	Usuario Estandar	90	START	1683839004385	1683839004385
USER	Usuario Estandar	89	START	1683839004385	1683839004385
USER	Usuario Estandar	91	START	1683839004385	1683839004385
USER	Usuario Estandar	93	START	1683839004385	1683839004385
USER	Usuario Estandar	92	START	1683839004385	1683839004385
USER	Usuario Estandar	94	START	1683839004385	1683839004385
USER	Usuario Estandar	95	START	1683839004385	1683839004385
USER	Usuario Estandar	96	START	1683839004385	1683839004385
USER	Usuario Estandar	97	START	1683839004385	1683839004385
USER	Usuario Estandar	7	START	1683839004289	1683839004289
USER	Usuario Estandar	21	START	1683839004299	1683839004299
USER	Usuario Estandar	1	START	1683839004288	1683839004288
USER	Usuario Estandar	5	START	1683839004288	1683839004288
USER	Usuario Estandar	2	START	1683839004288	1683839004288
USER	Usuario Estandar	16	START	1683839004297	1683839004297
USER	Usuario Estandar	98	START	1683839004385	1683839004385
USER	Usuario Estandar	23	START	1683839004299	1683839004299
USER	Usuario Avanzado	101	START	1683839004385	1683839004385
USER	Usuario Estandar	100	START	1683839004385	1683839004385
USER	Usuario Estandar	99	START	1683839004385	1683839004385
USER	Usuario Estandar	24	START	1683839004316	1683839004316
USER	Usuario Estandar	15	START	1683839004297	1683839004297
USER	Usuario Estandar	6	START	1683839004289	1683839004289
USER	Usuario Estandar	8	START	1683839004289	1683839004289
USER	Usuario Estandar	13	START	1683839004296	1683839004296
USER	Usuario Estandar	11	START	1683839004289	1683839004289
USER	Usuario Estandar	14	START	1683839004297	1683839004297
USER	Usuario Estandar	19	START	1683839004298	1683839004298
REQUEST	12		PeticionZorros	1683839004374	1683839005243	OK	 
REQUEST	54		PeticionZorros	1683839004384	1683839005255	OK	 
REQUEST	79		PeticionZorros	1683839004385	1683839005235	OK	 
REQUEST	22		PeticionZorros	1683839004374	1683839005268	OK	 
REQUEST	95		PeticionZorros	1683839004385	1683839005268	OK	 
REQUEST	60		PeticionZorros	1683839004384	1683839005268	OK	 
REQUEST	6		PeticionZorros	1683839004374	1683839005269	OK	 
REQUEST	92		PeticionZorros	1683839004385	1683839005269	OK	 
REQUEST	28		PeticionZorros	1683839004382	1683839005269	OK	 
REQUEST	76		PeticionZorros	1683839004384	1683839005270	OK	 
REQUEST	26		PeticionZorros	1683839004382	1683839005277	OK	 
REQUEST	1		PeticionZorros	1683839004374	1683839005277	OK	 
REQUEST	86		PeticionZorros	1683839004385	1683839005290	OK	 
REQUEST	70		PeticionZorros	1683839004384	1683839005296	OK	 
USER	Usuario Avanzado	102	START	1683839005315	1683839005315
REQUEST	83		PeticionZorros	1683839004385	1683839005331	OK	 
REQUEST	100		PeticionZorros	1683839004386	1683839005333	OK	 
REQUEST	75		PeticionZorros	1683839004384	1683839005338	OK	 
REQUEST	36		PeticionZorros	1683839004382	1683839005345	OK	 
REQUEST	88		PeticionZorros	1683839004385	1683839005345	OK	 
REQUEST	59		PeticionZorros	1683839004384	1683839005345	OK	 
REQUEST	13		PeticionZorros	1683839004374	1683839005350	OK	 
REQUEST	52		PeticionZorros	1683839004383	1683839005350	OK	 
REQUEST	91		PeticionZorros	1683839004385	1683839005352	OK	 
REQUEST	4		PeticionZorros	1683839004374	1683839005352	OK	 
REQUEST	37		PeticionZorros	1683839004382	1683839005355	OK	 
REQUEST	27		PeticionZorros	1683839004382	1683839005357	OK	 
REQUEST	5		PeticionZorros	1683839004374	1683839005358	OK	 
REQUEST	53		PeticionZorros	1683839004383	1683839005378	OK	 
REQUEST	43		PeticionZorros	1683839004383	1683839005380	OK	 
REQUEST	67		PeticionZorros	1683839004384	1683839005381	OK	 
REQUEST	68		PeticionZorros	1683839004384	1683839005381	OK	 
REQUEST	2		PeticionZorros	1683839004374	1683839005397	OK	 
REQUEST	45		PeticionZorros	1683839004383	1683839005402	OK	 
REQUEST	85		PeticionZorros	1683839004385	1683839005402	OK	 
REQUEST	84		PeticionZorros	1683839004385	1683839005403	OK	 
REQUEST	47		PeticionZorros	1683839004383	1683839005515	OK	 
REQUEST	31		PeticionZorros	1683839004382	1683839005533	OK	 
REQUEST	32		PeticionZorros	1683839004382	1683839005549	OK	 
REQUEST	15		PeticionZorros	1683839004374	1683839005552	OK	 
REQUEST	102		PeticionZorros	1683839005316	1683839005591	OK	 
REQUEST	10		PeticionZorros	1683839004374	1683839005599	OK	 
REQUEST	74		PeticionZorros	1683839004384	1683839005606	OK	 
REQUEST	42		PeticionZorros	1683839004383	1683839005663	OK	 
REQUEST	63		PeticionZorros	1683839004384	1683839005692	OK	 
REQUEST	58		PeticionZorros	1683839004384	1683839005697	OK	 
REQUEST	44		PeticionZorros	1683839004383	1683839005702	OK	 
REQUEST	90		PeticionZorros	1683839004385	1683839005704	OK	 
REQUEST	33		PeticionZorros	1683839004382	1683839005716	OK	 
REQUEST	49		PeticionZorros	1683839004383	1683839005766	OK	 
REQUEST	65		PeticionZorros	1683839004384	1683839005791	OK	 
REQUEST	97		PeticionZorros	1683839004385	1683839005798	OK	 
REQUEST	17		PeticionZorros	1683839004374	1683839005800	OK	 
REQUEST	38		PeticionZorros	1683839004383	1683839005800	OK	 
REQUEST	16		PeticionZorros	1683839004374	1683839005812	OK	 
REQUEST	40		PeticionZorros	1683839004383	1683839005861	OK	 
REQUEST	8		PeticionZorros	1683839004374	1683839005875	OK	 
REQUEST	56		PeticionZorros	1683839004384	1683839005892	OK	 
REQUEST	81		PeticionZorros	1683839004385	1683839006009	OK	 
REQUEST	48		PeticionZorros	1683839004383	1683839006047	OK	 
REQUEST	41		PeticionZorros	1683839004383	1683839006049	OK	 
REQUEST	99		PeticionZorros	1683839004386	1683839006049	OK	 
REQUEST	11		PeticionZorros	1683839004374	1683839006128	OK	 
REQUEST	7		PeticionZorros	1683839004374	1683839006128	OK	 
REQUEST	39		PeticionZorros	1683839004383	1683839006148	OK	 
REQUEST	3		PeticionZorros	1683839004374	1683839006148	OK	 
REQUEST	96		PeticionZorros	1683839004385	1683839006156	OK	 
REQUEST	25		PeticionZorros	1683839004382	1683839006156	OK	 
REQUEST	78		PeticionZorros	1683839004385	1683839006158	OK	 
REQUEST	35		PeticionZorros	1683839004382	1683839006158	OK	 
REQUEST	94		PeticionZorros	1683839004385	1683839006161	OK	 
REQUEST	64		PeticionZorros	1683839004384	1683839006165	OK	 
REQUEST	57		PeticionZorros	1683839004384	1683839006170	OK	 
REQUEST	71		PeticionZorros	1683839004384	1683839006177	OK	 
REQUEST	87		PeticionZorros	1683839004385	1683839006179	OK	 
REQUEST	23		PeticionZorros	1683839004374	1683839006181	OK	 
REQUEST	20		PeticionZorros	1683839004374	1683839006189	OK	 
REQUEST	24		PeticionZorros	1683839004374	1683839006189	OK	 
REQUEST	9		PeticionZorros	1683839004374	1683839006196	OK	 
REQUEST	51		PeticionZorros	1683839004383	1683839006206	OK	 
REQUEST	62		PeticionZorros	1683839004384	1683839006207	OK	 
REQUEST	55		PeticionZorros	1683839004384	1683839006209	OK	 
REQUEST	73		PeticionZorros	1683839004384	1683839006211	OK	 
REQUEST	72		PeticionZorros	1683839004384	1683839006211	OK	 
REQUEST	46		PeticionZorros	1683839004383	1683839006238	OK	 
REQUEST	30		PeticionZorros	1683839004382	1683839006239	OK	 
REQUEST	80		PeticionZorros	1683839004385	1683839006241	OK	 
REQUEST	14		PeticionZorros	1683839004374	1683839006258	OK	 
REQUEST	89		PeticionZorros	1683839004385	1683839006259	OK	 
REQUEST	19		PeticionZorros	1683839004374	1683839006280	OK	 
REQUEST	98		PeticionZorros	1683839004386	1683839006719	OK	 
REQUEST	21		PeticionZorros	1683839004374	1683839006873	OK	 
REQUEST	82		PeticionZorros	1683839004385	1683839006876	OK	 
REQUEST	77		PeticionZorros	1683839004385	1683839006890	OK	 
REQUEST	34		PeticionZorros	1683839004382	1683839006895	OK	 
REQUEST	18		PeticionZorros	1683839004374	1683839006901	OK	 
REQUEST	61		PeticionZorros	1683839004384	1683839006906	OK	 
REQUEST	29		PeticionZorros	1683839004382	1683839006907	OK	 
REQUEST	50		PeticionZorros	1683839004383	1683839006910	OK	 
REQUEST	69		PeticionZorros	1683839004384	1683839006920	OK	 
REQUEST	66		PeticionZorros	1683839004384	1683839006924	OK	 
REQUEST	93		PeticionZorros	1683839004385	1683839007145	OK	 
REQUEST	101		PeticionZorros	1683839004386	1683839007258	OK	 
USER	Usuario Avanzado	103	START	1683839007298	1683839007298
REQUEST	103		PeticionZorros	1683839007299	1683839007561	OK	 
USER	Usuario Avanzado	104	START	1683839008304	1683839008304
REQUEST	104		PeticionZorros	1683839008305	1683839008560	OK	 
USER	Usuario Avanzado	105	START	1683839010275	1683839010275
USER	Usuario Estandar	79	END	1683839004384	1683839010281
USER	Usuario Estandar	12	END	1683839004295	1683839010281
USER	Usuario Estandar	54	END	1683839004383	1683839010291
USER	Usuario Estandar	6	END	1683839004289	1683839010291
USER	Usuario Estandar	22	END	1683839004298	1683839010291
USER	Usuario Estandar	95	END	1683839004385	1683839010291
USER	Usuario Estandar	92	END	1683839004385	1683839010291
USER	Usuario Estandar	76	END	1683839004384	1683839010291
USER	Usuario Estandar	28	END	1683839004381	1683839010291
USER	Usuario Estandar	26	END	1683839004381	1683839010291
USER	Usuario Estandar	1	END	1683839004288	1683839010292
USER	Usuario Estandar	60	END	1683839004383	1683839010292
USER	Usuario Estandar	70	END	1683839004384	1683839010306
USER	Usuario Estandar	86	END	1683839004385	1683839010306
USER	Usuario Estandar	59	END	1683839004383	1683839010353
USER	Usuario Estandar	100	END	1683839004385	1683839010353
USER	Usuario Estandar	75	END	1683839004384	1683839010353
USER	Usuario Estandar	88	END	1683839004385	1683839010353
USER	Usuario Estandar	83	END	1683839004385	1683839010353
USER	Usuario Estandar	36	END	1683839004382	1683839010353
USER	Usuario Estandar	91	END	1683839004385	1683839010368
USER	Usuario Estandar	37	END	1683839004382	1683839010368
USER	Usuario Estandar	5	END	1683839004288	1683839010369
USER	Usuario Estandar	13	END	1683839004296	1683839010369
USER	Usuario Estandar	27	END	1683839004381	1683839010369
USER	Usuario Estandar	52	END	1683839004383	1683839010369
USER	Usuario Estandar	4	END	1683839004288	1683839010369
USER	Usuario Estandar	53	END	1683839004383	1683839010401
USER	Usuario Estandar	68	END	1683839004384	1683839010401
USER	Usuario Estandar	67	END	1683839004384	1683839010401
USER	Usuario Estandar	43	END	1683839004382	1683839010403
USER	Usuario Estandar	85	END	1683839004385	1683839010406
USER	Usuario Estandar	84	END	1683839004385	1683839010406
USER	Usuario Estandar	2	END	1683839004288	1683839010407
USER	Usuario Estandar	45	END	1683839004383	1683839010407
REQUEST	105		PeticionZorros	1683839010277	1683839010537	OK	 
USER	Usuario Estandar	47	END	1683839004383	1683839010541
USER	Usuario Estandar	31	END	1683839004382	1683839010556
USER	Usuario Estandar	15	END	1683839004297	1683839010571
USER	Usuario Estandar	32	END	1683839004382	1683839010571
USER	Usuario Estandar	10	END	1683839004289	1683839010606
USER	Usuario Avanzado	102	END	1683839005315	1683839010606
USER	Usuario Estandar	74	END	1683839004384	1683839010633
USER	Usuario Estandar	42	END	1683839004382	1683839010680
USER	Usuario Estandar	63	END	1683839004384	1683839010712
USER	Usuario Estandar	58	END	1683839004383	1683839010716
USER	Usuario Estandar	44	END	1683839004383	1683839010716
USER	Usuario Estandar	90	END	1683839004385	1683839010716
USER	Usuario Estandar	33	END	1683839004382	1683839010743
USER	Usuario Estandar	49	END	1683839004383	1683839010776
USER	Usuario Estandar	17	END	1683839004297	1683839010806
USER	Usuario Estandar	38	END	1683839004382	1683839010806
USER	Usuario Estandar	97	END	1683839004385	1683839010806
USER	Usuario Estandar	65	END	1683839004384	1683839010806
USER	Usuario Estandar	16	END	1683839004297	1683839010826
USER	Usuario Estandar	40	END	1683839004382	1683839010868
USER	Usuario Estandar	8	END	1683839004289	1683839010886
USER	Usuario Estandar	56	END	1683839004383	1683839010915
USER	Usuario Estandar	81	END	1683839004384	1683839011026
USER	Usuario Estandar	48	END	1683839004383	1683839011056
USER	Usuario Estandar	99	END	1683839004385	1683839011056
USER	Usuario Estandar	41	END	1683839004382	1683839011056
USER	Usuario Estandar	11	END	1683839004289	1683839011136
USER	Usuario Estandar	7	END	1683839004289	1683839011136
USER	Usuario Estandar	35	END	1683839004382	1683839011166
USER	Usuario Estandar	96	END	1683839004385	1683839011166
USER	Usuario Estandar	78	END	1683839004384	1683839011166
USER	Usuario Estandar	25	END	1683839004381	1683839011166
USER	Usuario Estandar	39	END	1683839004382	1683839011166
USER	Usuario Estandar	3	END	1683839004288	1683839011166
USER	Usuario Estandar	94	END	1683839004385	1683839011195
USER	Usuario Estandar	57	END	1683839004383	1683839011195
USER	Usuario Estandar	64	END	1683839004384	1683839011195
USER	Usuario Estandar	23	END	1683839004299	1683839011196
USER	Usuario Estandar	87	END	1683839004385	1683839011196
USER	Usuario Estandar	24	END	1683839004316	1683839011196
USER	Usuario Estandar	20	END	1683839004298	1683839011196
USER	Usuario Estandar	71	END	1683839004384	1683839011196
USER	Usuario Estandar	9	END	1683839004289	1683839011216
USER	Usuario Estandar	51	END	1683839004383	1683839011216
USER	Usuario Estandar	62	END	1683839004384	1683839011216
USER	Usuario Estandar	55	END	1683839004383	1683839011226
USER	Usuario Estandar	73	END	1683839004384	1683839011226
USER	Usuario Estandar	72	END	1683839004384	1683839011226
USER	Usuario Estandar	30	END	1683839004381	1683839011258
USER	Usuario Estandar	46	END	1683839004383	1683839011258
USER	Usuario Estandar	80	END	1683839004384	1683839011258
USER	Usuario Estandar	89	END	1683839004385	1683839011276
USER	Usuario Estandar	14	END	1683839004297	1683839011276
USER	Usuario Estandar	19	END	1683839004298	1683839011288
USER	Usuario Avanzado	106	START	1683839011288	1683839011288
REQUEST	106		PeticionZorros	1683839011289	1683839011566	OK	 
USER	Usuario Estandar	98	END	1683839004385	1683839011726
USER	Usuario Estandar	21	END	1683839004299	1683839011895
USER	Usuario Estandar	77	END	1683839004384	1683839011896
USER	Usuario Estandar	82	END	1683839004385	1683839011896
USER	Usuario Estandar	61	END	1683839004384	1683839011916
USER	Usuario Estandar	34	END	1683839004382	1683839011916
USER	Usuario Estandar	18	END	1683839004297	1683839011916
USER	Usuario Estandar	29	END	1683839004381	1683839011916
USER	Usuario Estandar	66	END	1683839004384	1683839011927
USER	Usuario Estandar	69	END	1683839004384	1683839011927
USER	Usuario Estandar	50	END	1683839004383	1683839011927
USER	Usuario Estandar	93	END	1683839004385	1683839012172
USER	Usuario Avanzado	101	END	1683839004385	1683839012280
USER	Usuario Avanzado	103	END	1683839007298	1683839012592
USER	Usuario Avanzado	107	START	1683839013306	1683839013306
REQUEST	107		PeticionZorros	1683839013306	1683839013568	OK	 
USER	Usuario Avanzado	104	END	1683839008304	1683839013586
USER	Usuario Avanzado	108	START	1683839014298	1683839014298
REQUEST	108		PeticionZorros	1683839014299	1683839014562	OK	 
USER	Usuario Avanzado	105	END	1683839010275	1683839015546
USER	Usuario Avanzado	109	START	1683839016295	1683839016295
REQUEST	109		PeticionZorros	1683839016297	1683839016575	OK	 
USER	Usuario Avanzado	106	END	1683839011288	1683839016588
USER	Usuario Avanzado	110	START	1683839017295	1683839017295
REQUEST	110		PeticionZorros	1683839017296	1683839017560	OK	 
USER	Usuario Avanzado	107	END	1683839013306	1683839018585
USER	Usuario Avanzado	111	START	1683839019299	1683839019299
USER	Usuario Avanzado	108	END	1683839014298	1683839019566
REQUEST	111		PeticionZorros	1683839019300	1683839019570	OK	 
USER	Usuario Avanzado	112	START	1683839020278	1683839020278
REQUEST	112		PeticionZorros	1683839020279	1683839020538	OK	 
USER	Usuario Avanzado	109	END	1683839016295	1683839021602
USER	Usuario Avanzado	113	START	1683839022301	1683839022301
USER	Usuario Avanzado	110	END	1683839017295	1683839022581
REQUEST	113		PeticionZorros	1683839022302	1683839022648	OK	 
USER	Usuario Avanzado	114	START	1683839023286	1683839023286
REQUEST	114		PeticionZorros	1683839023286	1683839023569	OK	 
USER	Usuario Avanzado	111	END	1683839019299	1683839024589
USER	Usuario Avanzado	115	START	1683839025302	1683839025302
USER	Usuario Avanzado	112	END	1683839020278	1683839025551
REQUEST	115		PeticionZorros	1683839025303	1683839025652	OK	 
USER	Usuario Avanzado	116	START	1683839026285	1683839026285
REQUEST	116		PeticionZorros	1683839026286	1683839026634	OK	 
USER	Usuario Avanzado	113	END	1683839022301	1683839027671
USER	Usuario Avanzado	117	START	1683839028294	1683839028294
USER	Usuario Avanzado	114	END	1683839023286	1683839028590
REQUEST	117		PeticionZorros	1683839028295	1683839028642	OK	 
USER	Usuario Avanzado	118	START	1683839029275	1683839029275
REQUEST	118		PeticionZorros	1683839029276	1683839029614	OK	 
USER	Usuario Avanzado	115	END	1683839025302	1683839030672
USER	Usuario Avanzado	119	START	1683839031297	1683839031297
REQUEST	119		PeticionZorros	1683839031298	1683839031565	OK	 
USER	Usuario Avanzado	116	END	1683839026285	1683839031653
USER	Usuario Avanzado	120	START	1683839032295	1683839032295
REQUEST	120		PeticionZorros	1683839032296	1683839032655	OK	 
USER	Usuario Avanzado	117	END	1683839028294	1683839033661
USER	Usuario Avanzado	118	END	1683839029275	1683839034626
USER	Usuario Avanzado	119	END	1683839031297	1683839036582
USER	Usuario Avanzado	120	END	1683839032295	1683839037673
