RUN	scala.simulations.simulationPerros	simulationperros	1683836139226	 	3.3.1
USER	S_ObtenerListadoPerros	1	START	1683836140746	1683836140746
USER	S_ObtenerListadoPerros	2	START	1683836141010	1683836141010
REQUEST	1		R_ObtenerListadoPerros	1683836140788	1683836141306	OK	 
USER	S_ObtenerListadoPerros	1	END	1683836140746	1683836141333
USER	S_ObtenerListadoPerros	3	START	1683836141429	1683836141429
REQUEST	2		R_ObtenerListadoPerros	1683836141011	1683836141447	OK	 
USER	S_ObtenerListadoPerros	2	END	1683836141010	1683836141448
USER	S_ObtenerListadoPerros	4	START	1683836141582	1683836141582
USER	S_ObtenerListadoPerros	5	START	1683836141770	1683836141770
REQUEST	3		R_ObtenerListadoPerros	1683836141430	1683836141857	OK	 
USER	S_ObtenerListadoPerros	3	END	1683836141429	1683836141858
REQUEST	4		R_ObtenerListadoPerros	1683836141584	1683836141912	OK	 
USER	S_ObtenerListadoPerros	4	END	1683836141582	1683836141913
USER	S_ObtenerListadoPerros	6	START	1683836142034	1683836142034
REQUEST	5		R_ObtenerListadoPerros	1683836141771	1683836142192	OK	 
USER	S_ObtenerListadoPerros	5	END	1683836141770	1683836142194
REQUEST	6		R_ObtenerListadoPerros	1683836142036	1683836142489	OK	 
USER	S_ObtenerListadoPerros	6	END	1683836142034	1683836142491
USER	S_ObtenerListadoPerros	7	START	1683836142531	1683836142531
USER	S_ObtenerListadoPerros	8	START	1683836142719	1683836142719
USER	S_ObtenerListadoPerros	9	START	1683836142748	1683836142748
USER	S_ObtenerListadoPerros	10	START	1683836142779	1683836142779
USER	S_ObtenerListadoPerros	11	START	1683836142919	1683836142919
REQUEST	7		R_ObtenerListadoPerros	1683836142532	1683836142973	OK	 
USER	S_ObtenerListadoPerros	7	END	1683836142531	1683836142975
REQUEST	10		R_ObtenerListadoPerros	1683836142779	1683836143094	OK	 
USER	S_ObtenerListadoPerros	10	END	1683836142779	1683836143096
REQUEST	8		R_ObtenerListadoPerros	1683836142720	1683836143148	OK	 
USER	S_ObtenerListadoPerros	8	END	1683836142719	1683836143150
REQUEST	9		R_ObtenerListadoPerros	1683836142749	1683836143179	OK	 
USER	S_ObtenerListadoPerros	9	END	1683836142748	1683836143181
USER	S_ObtenerListadoPerros	12	START	1683836143184	1683836143184
REQUEST	11		R_ObtenerListadoPerros	1683836142920	1683836143357	OK	 
USER	S_ObtenerListadoPerros	11	END	1683836142919	1683836143358
REQUEST	12		R_ObtenerListadoPerros	1683836143185	1683836143498	OK	 
USER	S_ObtenerListadoPerros	12	END	1683836143184	1683836143499
USER	S_ObtenerListadoPerros	13	START	1683836143620	1683836143620
USER	S_ObtenerListadoPerros	14	START	1683836143698	1683836143698
USER	S_ObtenerListadoPerros	15	START	1683836143715	1683836143715
REQUEST	15		R_ObtenerListadoPerros	1683836143716	1683836144007	OK	 
USER	S_ObtenerListadoPerros	15	END	1683836143715	1683836144009
REQUEST	13		R_ObtenerListadoPerros	1683836143621	1683836144047	OK	 
USER	S_ObtenerListadoPerros	13	END	1683836143620	1683836144049
REQUEST	14		R_ObtenerListadoPerros	1683836143700	1683836144111	OK	 
USER	S_ObtenerListadoPerros	14	END	1683836143698	1683836144114
USER	S_ObtenerListadoPerros	16	START	1683836144199	1683836144199
USER	S_ObtenerListadoPerros	17	START	1683836144600	1683836144600
USER	S_ObtenerListadoPerros	18	START	1683836144619	1683836144619
REQUEST	16		R_ObtenerListadoPerros	1683836144200	1683836144625	OK	 
USER	S_ObtenerListadoPerros	16	END	1683836144199	1683836144627
USER	S_ObtenerListadoPerros	19	START	1683836144632	1683836144632
USER	S_ObtenerListadoPerros	20	START	1683836144678	1683836144678
USER	S_ObtenerListadoPerros	21	START	1683836144694	1683836144694
USER	S_ObtenerListadoPerros	22	START	1683836144757	1683836144757
USER	S_ObtenerListadoPerros	23	START	1683836144789	1683836144789
USER	S_ObtenerListadoPerros	24	START	1683836144805	1683836144805
USER	S_ObtenerListadoPerros	25	START	1683836144809	1683836144809
USER	S_ObtenerListadoPerros	26	START	1683836144821	1683836144821
USER	S_ObtenerListadoPerros	27	START	1683836144852	1683836144852
REQUEST	17		R_ObtenerListadoPerros	1683836144602	1683836144910	OK	 
USER	S_ObtenerListadoPerros	17	END	1683836144600	1683836144912
REQUEST	18		R_ObtenerListadoPerros	1683836144620	1683836144935	OK	 
USER	S_ObtenerListadoPerros	18	END	1683836144619	1683836144937
USER	S_ObtenerListadoPerros	28	START	1683836144960	1683836144960
REQUEST	20		R_ObtenerListadoPerros	1683836144679	1683836144989	OK	 
USER	S_ObtenerListadoPerros	20	END	1683836144678	1683836144990
REQUEST	19		R_ObtenerListadoPerros	1683836144633	1683836145036	OK	 
USER	S_ObtenerListadoPerros	19	END	1683836144632	1683836145038
USER	S_ObtenerListadoPerros	29	START	1683836145053	1683836145053
REQUEST	22		R_ObtenerListadoPerros	1683836144758	1683836145058	OK	 
USER	S_ObtenerListadoPerros	22	END	1683836144757	1683836145059
REQUEST	23		R_ObtenerListadoPerros	1683836144790	1683836145079	OK	 
USER	S_ObtenerListadoPerros	23	END	1683836144789	1683836145080
REQUEST	21		R_ObtenerListadoPerros	1683836144695	1683836145110	OK	 
USER	S_ObtenerListadoPerros	21	END	1683836144694	1683836145111
REQUEST	26		R_ObtenerListadoPerros	1683836144821	1683836145120	OK	 
USER	S_ObtenerListadoPerros	26	END	1683836144821	1683836145122
REQUEST	27		R_ObtenerListadoPerros	1683836144853	1683836145162	OK	 
USER	S_ObtenerListadoPerros	27	END	1683836144852	1683836145164
USER	S_ObtenerListadoPerros	30	START	1683836145179	1683836145179
REQUEST	24		R_ObtenerListadoPerros	1683836144806	1683836145216	OK	 
USER	S_ObtenerListadoPerros	24	END	1683836144805	1683836145218
USER	S_ObtenerListadoPerros	31	START	1683836145225	1683836145225
REQUEST	25		R_ObtenerListadoPerros	1683836144810	1683836145250	OK	 
USER	S_ObtenerListadoPerros	25	END	1683836144809	1683836145251
REQUEST	28		R_ObtenerListadoPerros	1683836144961	1683836145260	OK	 
USER	S_ObtenerListadoPerros	28	END	1683836144960	1683836145261
USER	S_ObtenerListadoPerros	32	START	1683836145271	1683836145271
USER	S_ObtenerListadoPerros	33	START	1683836145287	1683836145287
USER	S_ObtenerListadoPerros	34	START	1683836145319	1683836145319
REQUEST	29		R_ObtenerListadoPerros	1683836145054	1683836145352	OK	 
USER	S_ObtenerListadoPerros	29	END	1683836145053	1683836145354
REQUEST	31		R_ObtenerListadoPerros	1683836145225	1683836145530	OK	 
USER	S_ObtenerListadoPerros	31	END	1683836145225	1683836145532
USER	S_ObtenerListadoPerros	37	START	1683836145551	1683836145551
USER	S_ObtenerListadoPerros	35	START	1683836145551	1683836145551
USER	S_ObtenerListadoPerros	36	START	1683836145551	1683836145551
REQUEST	32		R_ObtenerListadoPerros	1683836145272	1683836145564	OK	 
USER	S_ObtenerListadoPerros	32	END	1683836145271	1683836145566
REQUEST	30		R_ObtenerListadoPerros	1683836145180	1683836145581	OK	 
USER	S_ObtenerListadoPerros	30	END	1683836145179	1683836145582
REQUEST	33		R_ObtenerListadoPerros	1683836145288	1683836145597	OK	 
USER	S_ObtenerListadoPerros	33	END	1683836145287	1683836145599
REQUEST	34		R_ObtenerListadoPerros	1683836145319	1683836145631	OK	 
USER	S_ObtenerListadoPerros	34	END	1683836145319	1683836145633
REQUEST	35		R_ObtenerListadoPerros	1683836145552	1683836145864	OK	 
REQUEST	37		R_ObtenerListadoPerros	1683836145552	1683836145864	OK	 
USER	S_ObtenerListadoPerros	37	END	1683836145551	1683836145865
USER	S_ObtenerListadoPerros	35	END	1683836145551	1683836145865
USER	S_ObtenerListadoPerros	38	START	1683836145878	1683836145878
USER	S_ObtenerListadoPerros	40	START	1683836145910	1683836145910
USER	S_ObtenerListadoPerros	39	START	1683836145910	1683836145910
REQUEST	36		R_ObtenerListadoPerros	1683836145552	1683836145967	OK	 
USER	S_ObtenerListadoPerros	36	END	1683836145551	1683836145968
USER	S_ObtenerListadoPerros	41	START	1683836146017	1683836146017
USER	S_ObtenerListadoPerros	42	START	1683836146048	1683836146048
USER	S_ObtenerListadoPerros	43	START	1683836146064	1683836146064
USER	S_ObtenerListadoPerros	44	START	1683836146099	1683836146099
REQUEST	39		R_ObtenerListadoPerros	1683836145910	1683836146208	OK	 
USER	S_ObtenerListadoPerros	39	END	1683836145910	1683836146210
REQUEST	40		R_ObtenerListadoPerros	1683836145910	1683836146228	OK	 
USER	S_ObtenerListadoPerros	40	END	1683836145910	1683836146229
REQUEST	38		R_ObtenerListadoPerros	1683836145879	1683836146280	OK	 
USER	S_ObtenerListadoPerros	38	END	1683836145878	1683836146281
USER	S_ObtenerListadoPerros	45	START	1683836146299	1683836146299
USER	S_ObtenerListadoPerros	46	START	1683836146312	1683836146312
USER	S_ObtenerListadoPerros	47	START	1683836146343	1683836146343
REQUEST	41		R_ObtenerListadoPerros	1683836146017	1683836146343	OK	 
USER	S_ObtenerListadoPerros	41	END	1683836146017	1683836146344
REQUEST	42		R_ObtenerListadoPerros	1683836146049	1683836146352	OK	 
USER	S_ObtenerListadoPerros	42	END	1683836146048	1683836146353
REQUEST	43		R_ObtenerListadoPerros	1683836146064	1683836146368	OK	 
USER	S_ObtenerListadoPerros	43	END	1683836146064	1683836146369
REQUEST	44		R_ObtenerListadoPerros	1683836146100	1683836146403	OK	 
USER	S_ObtenerListadoPerros	44	END	1683836146099	1683836146404
USER	S_ObtenerListadoPerros	48	START	1683836146469	1683836146469
USER	S_ObtenerListadoPerros	49	START	1683836146562	1683836146562
REQUEST	45		R_ObtenerListadoPerros	1683836146300	1683836146605	OK	 
USER	S_ObtenerListadoPerros	45	END	1683836146299	1683836146607
REQUEST	46		R_ObtenerListadoPerros	1683836146312	1683836146623	OK	 
USER	S_ObtenerListadoPerros	46	END	1683836146312	1683836146624
REQUEST	47		R_ObtenerListadoPerros	1683836146343	1683836146650	OK	 
USER	S_ObtenerListadoPerros	47	END	1683836146343	1683836146652
REQUEST	48		R_ObtenerListadoPerros	1683836146471	1683836146772	OK	 
USER	S_ObtenerListadoPerros	48	END	1683836146469	1683836146773
USER	S_ObtenerListadoPerros	50	START	1683836146779	1683836146779
USER	S_ObtenerListadoPerros	51	START	1683836146859	1683836146859
REQUEST	49		R_ObtenerListadoPerros	1683836146563	1683836146868	OK	 
USER	S_ObtenerListadoPerros	49	END	1683836146562	1683836146870
REQUEST	50		R_ObtenerListadoPerros	1683836146780	1683836147085	OK	 
USER	S_ObtenerListadoPerros	50	END	1683836146779	1683836147087
USER	S_ObtenerListadoPerros	52	START	1683836147151	1683836147151
REQUEST	51		R_ObtenerListadoPerros	1683836146860	1683836147155	OK	 
USER	S_ObtenerListadoPerros	51	END	1683836146859	1683836147157
USER	S_ObtenerListadoPerros	53	START	1683836147199	1683836147199
USER	S_ObtenerListadoPerros	54	START	1683836147213	1683836147213
USER	S_ObtenerListadoPerros	55	START	1683836147399	1683836147399
REQUEST	52		R_ObtenerListadoPerros	1683836147152	1683836147459	OK	 
USER	S_ObtenerListadoPerros	52	END	1683836147151	1683836147461
REQUEST	53		R_ObtenerListadoPerros	1683836147200	1683836147507	OK	 
USER	S_ObtenerListadoPerros	53	END	1683836147199	1683836147508
REQUEST	54		R_ObtenerListadoPerros	1683836147214	1683836147512	OK	 
USER	S_ObtenerListadoPerros	54	END	1683836147213	1683836147513
USER	S_ObtenerListadoPerros	56	START	1683836147568	1683836147568
USER	S_ObtenerListadoPerros	58	START	1683836147569	1683836147569
USER	S_ObtenerListadoPerros	57	START	1683836147569	1683836147569
REQUEST	55		R_ObtenerListadoPerros	1683836147400	1683836147690	OK	 
USER	S_ObtenerListadoPerros	55	END	1683836147399	1683836147691
USER	S_ObtenerListadoPerros	59	START	1683836147691	1683836147691
USER	S_ObtenerListadoPerros	60	START	1683836147692	1683836147692
USER	S_ObtenerListadoPerros	61	START	1683836147783	1683836147783
USER	S_ObtenerListadoPerros	62	START	1683836147783	1683836147783
USER	S_ObtenerListadoPerros	63	START	1683836147799	1683836147799
USER	S_ObtenerListadoPerros	64	START	1683836147799	1683836147799
USER	S_ObtenerListadoPerros	65	START	1683836147815	1683836147815
USER	S_ObtenerListadoPerros	66	START	1683836147819	1683836147819
REQUEST	56		R_ObtenerListadoPerros	1683836147569	1683836147868	OK	 
USER	S_ObtenerListadoPerros	56	END	1683836147568	1683836147870
REQUEST	58		R_ObtenerListadoPerros	1683836147570	1683836147870	OK	 
USER	S_ObtenerListadoPerros	58	END	1683836147569	1683836147871
REQUEST	57		R_ObtenerListadoPerros	1683836147571	1683836147875	OK	 
USER	S_ObtenerListadoPerros	57	END	1683836147569	1683836147877
REQUEST	59		R_ObtenerListadoPerros	1683836147692	1683836148004	OK	 
REQUEST	60		R_ObtenerListadoPerros	1683836147692	1683836148004	OK	 
USER	S_ObtenerListadoPerros	59	END	1683836147691	1683836148006
USER	S_ObtenerListadoPerros	60	END	1683836147692	1683836148006
USER	S_ObtenerListadoPerros	67	START	1683836148031	1683836148031
REQUEST	61		R_ObtenerListadoPerros	1683836147783	1683836148081	OK	 
REQUEST	62		R_ObtenerListadoPerros	1683836147784	1683836148081	OK	 
USER	S_ObtenerListadoPerros	62	END	1683836147783	1683836148082
USER	S_ObtenerListadoPerros	61	END	1683836147783	1683836148082
REQUEST	63		R_ObtenerListadoPerros	1683836147800	1683836148088	OK	 
USER	S_ObtenerListadoPerros	63	END	1683836147799	1683836148089
REQUEST	64		R_ObtenerListadoPerros	1683836147800	1683836148112	OK	 
USER	S_ObtenerListadoPerros	64	END	1683836147799	1683836148114
REQUEST	65		R_ObtenerListadoPerros	1683836147816	1683836148118	OK	 
USER	S_ObtenerListadoPerros	65	END	1683836147815	1683836148120
REQUEST	66		R_ObtenerListadoPerros	1683836147820	1683836148121	OK	 
USER	S_ObtenerListadoPerros	66	END	1683836147819	1683836148122
USER	S_ObtenerListadoPerros	68	START	1683836148216	1683836148216
REQUEST	67		R_ObtenerListadoPerros	1683836148032	1683836148346	OK	 
USER	S_ObtenerListadoPerros	67	END	1683836148031	1683836148347
USER	S_ObtenerListadoPerros	69	START	1683836148370	1683836148370
USER	S_ObtenerListadoPerros	70	START	1683836148389	1683836148389
USER	S_ObtenerListadoPerros	71	START	1683836148419	1683836148419
REQUEST	68		R_ObtenerListadoPerros	1683836148217	1683836148511	OK	 
USER	S_ObtenerListadoPerros	68	END	1683836148216	1683836148512
USER	S_ObtenerListadoPerros	72	START	1683836148589	1683836148589
REQUEST	69		R_ObtenerListadoPerros	1683836148370	1683836148676	OK	 
USER	S_ObtenerListadoPerros	69	END	1683836148370	1683836148678
REQUEST	70		R_ObtenerListadoPerros	1683836148390	1683836148693	OK	 
USER	S_ObtenerListadoPerros	70	END	1683836148389	1683836148694
REQUEST	71		R_ObtenerListadoPerros	1683836148420	1683836148707	OK	 
USER	S_ObtenerListadoPerros	71	END	1683836148419	1683836148709
USER	S_ObtenerListadoPerros	73	START	1683836148772	1683836148772
USER	S_ObtenerListadoPerros	74	START	1683836148787	1683836148787
USER	S_ObtenerListadoPerros	75	START	1683836148817	1683836148817
REQUEST	72		R_ObtenerListadoPerros	1683836148590	1683836148891	OK	 
USER	S_ObtenerListadoPerros	72	END	1683836148589	1683836148892
USER	S_ObtenerListadoPerros	76	START	1683836148956	1683836148956
REQUEST	73		R_ObtenerListadoPerros	1683836148773	1683836149082	OK	 
USER	S_ObtenerListadoPerros	73	END	1683836148772	1683836149083
REQUEST	74		R_ObtenerListadoPerros	1683836148787	1683836149097	OK	 
USER	S_ObtenerListadoPerros	77	START	1683836149097	1683836149097
USER	S_ObtenerListadoPerros	74	END	1683836148787	1683836149098
USER	S_ObtenerListadoPerros	78	START	1683836149113	1683836149113
REQUEST	75		R_ObtenerListadoPerros	1683836148818	1683836149215	OK	 
USER	S_ObtenerListadoPerros	75	END	1683836148817	1683836149216
USER	S_ObtenerListadoPerros	79	START	1683836149221	1683836149221
REQUEST	76		R_ObtenerListadoPerros	1683836148956	1683836149267	OK	 
USER	S_ObtenerListadoPerros	76	END	1683836148956	1683836149269
USER	S_ObtenerListadoPerros	80	START	1683836149300	1683836149300
USER	S_ObtenerListadoPerros	81	START	1683836149315	1683836149315
REQUEST	77		R_ObtenerListadoPerros	1683836149098	1683836149409	OK	 
USER	S_ObtenerListadoPerros	77	END	1683836149097	1683836149411
REQUEST	78		R_ObtenerListadoPerros	1683836149113	1683836149416	OK	 
USER	S_ObtenerListadoPerros	78	END	1683836149113	1683836149417
USER	S_ObtenerListadoPerros	82	START	1683836149440	1683836149440
USER	S_ObtenerListadoPerros	83	START	1683836149471	1683836149471
REQUEST	79		R_ObtenerListadoPerros	1683836149222	1683836149544	OK	 
USER	S_ObtenerListadoPerros	79	END	1683836149221	1683836149545
REQUEST	80		R_ObtenerListadoPerros	1683836149301	1683836149600	OK	 
USER	S_ObtenerListadoPerros	80	END	1683836149300	1683836149600
REQUEST	81		R_ObtenerListadoPerros	1683836149316	1683836149611	OK	 
USER	S_ObtenerListadoPerros	81	END	1683836149315	1683836149613
REQUEST	82		R_ObtenerListadoPerros	1683836149441	1683836149767	OK	 
USER	S_ObtenerListadoPerros	82	END	1683836149440	1683836149769
USER	S_ObtenerListadoPerros	84	START	1683836149778	1683836149778
REQUEST	83		R_ObtenerListadoPerros	1683836149472	1683836149788	OK	 
USER	S_ObtenerListadoPerros	83	END	1683836149471	1683836149789
USER	S_ObtenerListadoPerros	85	START	1683836149856	1683836149856
USER	S_ObtenerListadoPerros	86	START	1683836149872	1683836149872
USER	S_ObtenerListadoPerros	87	START	1683836149888	1683836149888
USER	S_ObtenerListadoPerros	88	START	1683836150089	1683836150089
REQUEST	84		R_ObtenerListadoPerros	1683836149779	1683836150109	OK	 
USER	S_ObtenerListadoPerros	84	END	1683836149778	1683836150111
USER	S_ObtenerListadoPerros	89	START	1683836150135	1683836150135
REQUEST	85		R_ObtenerListadoPerros	1683836149857	1683836150156	OK	 
USER	S_ObtenerListadoPerros	85	END	1683836149856	1683836150157
REQUEST	87		R_ObtenerListadoPerros	1683836149888	1683836150184	OK	 
REQUEST	86		R_ObtenerListadoPerros	1683836149873	1683836150184	OK	 
USER	S_ObtenerListadoPerros	86	END	1683836149872	1683836150185
USER	S_ObtenerListadoPerros	87	END	1683836149888	1683836150186
USER	S_ObtenerListadoPerros	90	START	1683836150212	1683836150212
REQUEST	88		R_ObtenerListadoPerros	1683836150090	1683836150406	OK	 
USER	S_ObtenerListadoPerros	88	END	1683836150089	1683836150407
USER	S_ObtenerListadoPerros	91	START	1683836150415	1683836150415
REQUEST	89		R_ObtenerListadoPerros	1683836150136	1683836150435	OK	 
USER	S_ObtenerListadoPerros	89	END	1683836150135	1683836150436
REQUEST	90		R_ObtenerListadoPerros	1683836150213	1683836150511	OK	 
USER	S_ObtenerListadoPerros	90	END	1683836150212	1683836150512
USER	S_ObtenerListadoPerros	92	START	1683836150586	1683836150586
REQUEST	91		R_ObtenerListadoPerros	1683836150416	1683836150807	OK	 
USER	S_ObtenerListadoPerros	91	END	1683836150415	1683836150808
USER	S_ObtenerListadoPerros	93	START	1683836151006	1683836151006
REQUEST	92		R_ObtenerListadoPerros	1683836150587	1683836151029	OK	 
USER	S_ObtenerListadoPerros	92	END	1683836150586	1683836151030
USER	S_ObtenerListadoPerros	94	START	1683836151069	1683836151069
USER	S_ObtenerListadoPerros	95	START	1683836151166	1683836151166
USER	S_ObtenerListadoPerros	96	START	1683836151255	1683836151255
REQUEST	93		R_ObtenerListadoPerros	1683836151007	1683836151333	OK	 
USER	S_ObtenerListadoPerros	93	END	1683836151006	1683836151334
REQUEST	94		R_ObtenerListadoPerros	1683836151070	1683836151365	OK	 
USER	S_ObtenerListadoPerros	94	END	1683836151069	1683836151367
USER	S_ObtenerListadoPerros	97	START	1683836151501	1683836151501
USER	S_ObtenerListadoPerros	98	START	1683836151532	1683836151532
REQUEST	96		R_ObtenerListadoPerros	1683836151256	1683836151558	OK	 
USER	S_ObtenerListadoPerros	96	END	1683836151255	1683836151559
REQUEST	95		R_ObtenerListadoPerros	1683836151167	1683836151585	OK	 
USER	S_ObtenerListadoPerros	95	END	1683836151166	1683836151587
USER	S_ObtenerListadoPerros	99	START	1683836151593	1683836151593
USER	S_ObtenerListadoPerros	100	START	1683836151659	1683836151659
USER	S_ObtenerListadoPerros	101	START	1683836151671	1683836151671
USER	S_ObtenerListadoPerros	102	START	1683836151793	1683836151793
REQUEST	97		R_ObtenerListadoPerros	1683836151502	1683836151815	OK	 
USER	S_ObtenerListadoPerros	97	END	1683836151501	1683836151816
REQUEST	99		R_ObtenerListadoPerros	1683836151594	1683836151902	OK	 
USER	S_ObtenerListadoPerros	99	END	1683836151593	1683836151904
REQUEST	98		R_ObtenerListadoPerros	1683836151533	1683836151961	OK	 
USER	S_ObtenerListadoPerros	98	END	1683836151532	1683836151962
REQUEST	100		R_ObtenerListadoPerros	1683836151660	1683836151967	OK	 
USER	S_ObtenerListadoPerros	100	END	1683836151659	1683836151968
REQUEST	101		R_ObtenerListadoPerros	1683836151671	1683836151974	OK	 
USER	S_ObtenerListadoPerros	101	END	1683836151671	1683836151976
REQUEST	102		R_ObtenerListadoPerros	1683836151793	1683836152105	OK	 
USER	S_ObtenerListadoPerros	102	END	1683836151793	1683836152106
USER	S_ObtenerListadoPerros	103	START	1683836152134	1683836152134
USER	S_ObtenerListadoPerros	104	START	1683836152165	1683836152165
USER	S_ObtenerListadoPerros	105	START	1683836152180	1683836152180
USER	S_ObtenerListadoPerros	106	START	1683836152339	1683836152339
USER	S_ObtenerListadoPerros	108	START	1683836152381	1683836152381
USER	S_ObtenerListadoPerros	107	START	1683836152381	1683836152381
REQUEST	103		R_ObtenerListadoPerros	1683836152135	1683836152439	OK	 
USER	S_ObtenerListadoPerros	103	END	1683836152134	1683836152440
USER	S_ObtenerListadoPerros	109	START	1683836152442	1683836152442
REQUEST	104		R_ObtenerListadoPerros	1683836152166	1683836152483	OK	 
REQUEST	105		R_ObtenerListadoPerros	1683836152181	1683836152484	OK	 
USER	S_ObtenerListadoPerros	104	END	1683836152165	1683836152485
USER	S_ObtenerListadoPerros	105	END	1683836152180	1683836152485
USER	S_ObtenerListadoPerros	110	START	1683836152505	1683836152505
USER	S_ObtenerListadoPerros	111	START	1683836152536	1683836152536
USER	S_ObtenerListadoPerros	112	START	1683836152566	1683836152566
REQUEST	106		R_ObtenerListadoPerros	1683836152340	1683836152632	OK	 
USER	S_ObtenerListadoPerros	106	END	1683836152339	1683836152633
USER	S_ObtenerListadoPerros	113	START	1683836152659	1683836152659
REQUEST	108		R_ObtenerListadoPerros	1683836152381	1683836152669	OK	 
USER	S_ObtenerListadoPerros	108	END	1683836152381	1683836152670
USER	S_ObtenerListadoPerros	114	START	1683836152690	1683836152690
USER	S_ObtenerListadoPerros	117	START	1683836152691	1683836152691
USER	S_ObtenerListadoPerros	115	START	1683836152691	1683836152691
USER	S_ObtenerListadoPerros	116	START	1683836152691	1683836152691
REQUEST	107		R_ObtenerListadoPerros	1683836152381	1683836152700	OK	 
USER	S_ObtenerListadoPerros	107	END	1683836152381	1683836152701
USER	S_ObtenerListadoPerros	118	START	1683836152769	1683836152769
REQUEST	110		R_ObtenerListadoPerros	1683836152505	1683836152817	OK	 
USER	S_ObtenerListadoPerros	110	END	1683836152505	1683836152818
REQUEST	111		R_ObtenerListadoPerros	1683836152536	1683836152832	OK	 
USER	S_ObtenerListadoPerros	111	END	1683836152536	1683836152833
USER	S_ObtenerListadoPerros	119	START	1683836152844	1683836152844
USER	S_ObtenerListadoPerros	120	START	1683836152844	1683836152844
USER	S_ObtenerListadoPerros	121	START	1683836152860	1683836152860
REQUEST	109		R_ObtenerListadoPerros	1683836152443	1683836152861	OK	 
USER	S_ObtenerListadoPerros	109	END	1683836152442	1683836152861
REQUEST	112		R_ObtenerListadoPerros	1683836152567	1683836152874	OK	 
USER	S_ObtenerListadoPerros	112	END	1683836152566	1683836152875
USER	S_ObtenerListadoPerros	122	START	1683836152939	1683836152939
REQUEST	113		R_ObtenerListadoPerros	1683836152660	1683836152967	OK	 
USER	S_ObtenerListadoPerros	113	END	1683836152659	1683836152968
USER	S_ObtenerListadoPerros	123	START	1683836152985	1683836152985
REQUEST	115		R_ObtenerListadoPerros	1683836152692	1683836152997	OK	 
USER	S_ObtenerListadoPerros	115	END	1683836152691	1683836152999
REQUEST	117		R_ObtenerListadoPerros	1683836152692	1683836153002	OK	 
USER	S_ObtenerListadoPerros	117	END	1683836152691	1683836153003
REQUEST	114		R_ObtenerListadoPerros	1683836152692	1683836153004	OK	 
USER	S_ObtenerListadoPerros	114	END	1683836152690	1683836153005
USER	S_ObtenerListadoPerros	124	START	1683836153077	1683836153077
REQUEST	118		R_ObtenerListadoPerros	1683836152770	1683836153085	OK	 
USER	S_ObtenerListadoPerros	118	END	1683836152769	1683836153087
REQUEST	116		R_ObtenerListadoPerros	1683836152692	1683836153105	OK	 
USER	S_ObtenerListadoPerros	116	END	1683836152691	1683836153106
USER	S_ObtenerListadoPerros	125	START	1683836153140	1683836153140
REQUEST	120		R_ObtenerListadoPerros	1683836152845	1683836153145	OK	 
USER	S_ObtenerListadoPerros	120	END	1683836152844	1683836153146
REQUEST	119		R_ObtenerListadoPerros	1683836152845	1683836153151	OK	 
USER	S_ObtenerListadoPerros	119	END	1683836152844	1683836153152
REQUEST	121		R_ObtenerListadoPerros	1683836152861	1683836153186	OK	 
USER	S_ObtenerListadoPerros	121	END	1683836152860	1683836153187
USER	S_ObtenerListadoPerros	126	START	1683836153218	1683836153218
REQUEST	122		R_ObtenerListadoPerros	1683836152940	1683836153237	OK	 
USER	S_ObtenerListadoPerros	122	END	1683836152939	1683836153238
USER	S_ObtenerListadoPerros	127	START	1683836153280	1683836153280
REQUEST	123		R_ObtenerListadoPerros	1683836152986	1683836153386	OK	 
USER	S_ObtenerListadoPerros	123	END	1683836152985	1683836153387
REQUEST	124		R_ObtenerListadoPerros	1683836153078	1683836153388	OK	 
USER	S_ObtenerListadoPerros	124	END	1683836153077	1683836153389
REQUEST	125		R_ObtenerListadoPerros	1683836153141	1683836153438	OK	 
USER	S_ObtenerListadoPerros	125	END	1683836153140	1683836153439
USER	S_ObtenerListadoPerros	128	START	1683836153495	1683836153495
REQUEST	126		R_ObtenerListadoPerros	1683836153220	1683836153524	OK	 
USER	S_ObtenerListadoPerros	126	END	1683836153218	1683836153526
REQUEST	127		R_ObtenerListadoPerros	1683836153281	1683836153588	OK	 
USER	S_ObtenerListadoPerros	127	END	1683836153280	1683836153590
USER	S_ObtenerListadoPerros	129	START	1683836153589	1683836153589
USER	S_ObtenerListadoPerros	130	START	1683836153635	1683836153635
REQUEST	128		R_ObtenerListadoPerros	1683836153496	1683836153803	OK	 
USER	S_ObtenerListadoPerros	128	END	1683836153495	1683836153806
REQUEST	129		R_ObtenerListadoPerros	1683836153590	1683836153886	OK	 
USER	S_ObtenerListadoPerros	129	END	1683836153589	1683836153888
USER	S_ObtenerListadoPerros	131	START	1683836153899	1683836153899
USER	S_ObtenerListadoPerros	132	START	1683836153919	1683836153919
REQUEST	130		R_ObtenerListadoPerros	1683836153635	1683836153940	OK	 
USER	S_ObtenerListadoPerros	130	END	1683836153635	1683836153941
USER	S_ObtenerListadoPerros	133	START	1683836153979	1683836153979
USER	S_ObtenerListadoPerros	134	START	1683836154056	1683836154056
USER	S_ObtenerListadoPerros	135	START	1683836154103	1683836154103
USER	S_ObtenerListadoPerros	136	START	1683836154139	1683836154139
REQUEST	131		R_ObtenerListadoPerros	1683836153900	1683836154212	OK	 
USER	S_ObtenerListadoPerros	131	END	1683836153899	1683836154213
REQUEST	132		R_ObtenerListadoPerros	1683836153920	1683836154223	OK	 
USER	S_ObtenerListadoPerros	132	END	1683836153919	1683836154224
USER	S_ObtenerListadoPerros	137	START	1683836154322	1683836154322
REQUEST	134		R_ObtenerListadoPerros	1683836154056	1683836154362	OK	 
USER	S_ObtenerListadoPerros	134	END	1683836154056	1683836154363
REQUEST	133		R_ObtenerListadoPerros	1683836153980	1683836154399	OK	 
USER	S_ObtenerListadoPerros	133	END	1683836153979	1683836154400
REQUEST	135		R_ObtenerListadoPerros	1683836154104	1683836154429	OK	 
USER	S_ObtenerListadoPerros	135	END	1683836154103	1683836154430
REQUEST	136		R_ObtenerListadoPerros	1683836154140	1683836154446	OK	 
USER	S_ObtenerListadoPerros	136	END	1683836154139	1683836154446
USER	S_ObtenerListadoPerros	138	START	1683836154494	1683836154494
USER	S_ObtenerListadoPerros	139	START	1683836154510	1683836154510
USER	S_ObtenerListadoPerros	140	START	1683836154529	1683836154529
USER	S_ObtenerListadoPerros	141	START	1683836154559	1683836154559
USER	S_ObtenerListadoPerros	142	START	1683836154587	1683836154587
REQUEST	137		R_ObtenerListadoPerros	1683836154323	1683836154630	OK	 
USER	S_ObtenerListadoPerros	137	END	1683836154322	1683836154631
USER	S_ObtenerListadoPerros	143	START	1683836154635	1683836154635
USER	S_ObtenerListadoPerros	144	START	1683836154669	1683836154669
USER	S_ObtenerListadoPerros	145	START	1683836154682	1683836154682
USER	S_ObtenerListadoPerros	146	START	1683836154697	1683836154697
USER	S_ObtenerListadoPerros	147	START	1683836154729	1683836154729
USER	S_ObtenerListadoPerros	148	START	1683836154745	1683836154745
USER	S_ObtenerListadoPerros	149	START	1683836154805	1683836154805
USER	S_ObtenerListadoPerros	150	START	1683836154805	1683836154805
REQUEST	138		R_ObtenerListadoPerros	1683836154494	1683836154807	OK	 
USER	S_ObtenerListadoPerros	138	END	1683836154494	1683836154808
REQUEST	139		R_ObtenerListadoPerros	1683836154510	1683836154851	OK	 
USER	S_ObtenerListadoPerros	139	END	1683836154510	1683836154852
REQUEST	141		R_ObtenerListadoPerros	1683836154560	1683836154872	OK	 
USER	S_ObtenerListadoPerros	141	END	1683836154559	1683836154873
USER	S_ObtenerListadoPerros	151	START	1683836154881	1683836154881
REQUEST	142		R_ObtenerListadoPerros	1683836154588	1683836154889	OK	 
USER	S_ObtenerListadoPerros	142	END	1683836154587	1683836154890
USER	S_ObtenerListadoPerros	152	START	1683836154899	1683836154899
REQUEST	143		R_ObtenerListadoPerros	1683836154636	1683836154924	OK	 
USER	S_ObtenerListadoPerros	143	END	1683836154635	1683836154925
REQUEST	140		R_ObtenerListadoPerros	1683836154530	1683836154946	OK	 
USER	S_ObtenerListadoPerros	140	END	1683836154529	1683836154947
REQUEST	145		R_ObtenerListadoPerros	1683836154682	1683836154974	OK	 
REQUEST	144		R_ObtenerListadoPerros	1683836154670	1683836154973	OK	 
USER	S_ObtenerListadoPerros	145	END	1683836154682	1683836154974
USER	S_ObtenerListadoPerros	144	END	1683836154669	1683836154974
USER	S_ObtenerListadoPerros	153	START	1683836155021	1683836155021
REQUEST	147		R_ObtenerListadoPerros	1683836154730	1683836155028	OK	 
USER	S_ObtenerListadoPerros	147	END	1683836154729	1683836155029
REQUEST	148		R_ObtenerListadoPerros	1683836154745	1683836155039	OK	 
USER	S_ObtenerListadoPerros	148	END	1683836154745	1683836155040
USER	S_ObtenerListadoPerros	154	START	1683836155069	1683836155069
REQUEST	146		R_ObtenerListadoPerros	1683836154698	1683836155092	OK	 
USER	S_ObtenerListadoPerros	146	END	1683836154697	1683836155093
REQUEST	149		R_ObtenerListadoPerros	1683836154806	1683836155109	OK	 
USER	S_ObtenerListadoPerros	149	END	1683836154805	1683836155110
REQUEST	150		R_ObtenerListadoPerros	1683836154806	1683836155119	OK	 
USER	S_ObtenerListadoPerros	150	END	1683836154805	1683836155120
REQUEST	151		R_ObtenerListadoPerros	1683836154881	1683836155178	OK	 
USER	S_ObtenerListadoPerros	151	END	1683836154881	1683836155180
REQUEST	152		R_ObtenerListadoPerros	1683836154900	1683836155185	OK	 
USER	S_ObtenerListadoPerros	152	END	1683836154899	1683836155186
USER	S_ObtenerListadoPerros	155	START	1683836155240	1683836155240
USER	S_ObtenerListadoPerros	156	START	1683836155303	1683836155303
REQUEST	153		R_ObtenerListadoPerros	1683836155022	1683836155329	OK	 
USER	S_ObtenerListadoPerros	153	END	1683836155021	1683836155330
USER	S_ObtenerListadoPerros	157	START	1683836155369	1683836155369
REQUEST	154		R_ObtenerListadoPerros	1683836155070	1683836155376	OK	 
USER	S_ObtenerListadoPerros	154	END	1683836155069	1683836155377
USER	S_ObtenerListadoPerros	158	START	1683836155444	1683836155444
USER	S_ObtenerListadoPerros	159	START	1683836155458	1683836155458
REQUEST	155		R_ObtenerListadoPerros	1683836155240	1683836155553	OK	 
USER	S_ObtenerListadoPerros	155	END	1683836155240	1683836155554
USER	S_ObtenerListadoPerros	160	START	1683836155569	1683836155569
REQUEST	156		R_ObtenerListadoPerros	1683836155304	1683836155622	OK	 
USER	S_ObtenerListadoPerros	156	END	1683836155303	1683836155624
REQUEST	157		R_ObtenerListadoPerros	1683836155370	1683836155690	OK	 
USER	S_ObtenerListadoPerros	157	END	1683836155369	1683836155691
REQUEST	158		R_ObtenerListadoPerros	1683836155444	1683836155752	OK	 
USER	S_ObtenerListadoPerros	158	END	1683836155444	1683836155753
REQUEST	159		R_ObtenerListadoPerros	1683836155458	1683836155753	OK	 
USER	S_ObtenerListadoPerros	159	END	1683836155458	1683836155754
USER	S_ObtenerListadoPerros	162	START	1683836155783	1683836155783
USER	S_ObtenerListadoPerros	161	START	1683836155783	1683836155783
USER	S_ObtenerListadoPerros	163	START	1683836155814	1683836155814
USER	S_ObtenerListadoPerros	164	START	1683836155829	1683836155829
REQUEST	160		R_ObtenerListadoPerros	1683836155570	1683836155863	OK	 
USER	S_ObtenerListadoPerros	160	END	1683836155569	1683836155864
USER	S_ObtenerListadoPerros	165	START	1683836155952	1683836155952
USER	S_ObtenerListadoPerros	167	START	1683836155969	1683836155969
USER	S_ObtenerListadoPerros	166	START	1683836155969	1683836155969
USER	S_ObtenerListadoPerros	168	START	1683836155999	1683836155999
REQUEST	161		R_ObtenerListadoPerros	1683836155783	1683836156080	OK	 
USER	S_ObtenerListadoPerros	161	END	1683836155783	1683836156081
REQUEST	162		R_ObtenerListadoPerros	1683836155783	1683836156093	OK	 
USER	S_ObtenerListadoPerros	162	END	1683836155783	1683836156093
REQUEST	163		R_ObtenerListadoPerros	1683836155814	1683836156114	OK	 
USER	S_ObtenerListadoPerros	163	END	1683836155814	1683836156115
REQUEST	164		R_ObtenerListadoPerros	1683836155830	1683836156138	OK	 
USER	S_ObtenerListadoPerros	164	END	1683836155829	1683836156139
REQUEST	165		R_ObtenerListadoPerros	1683836155952	1683836156267	OK	 
USER	S_ObtenerListadoPerros	165	END	1683836155952	1683836156269
REQUEST	167		R_ObtenerListadoPerros	1683836155970	1683836156272	OK	 
REQUEST	166		R_ObtenerListadoPerros	1683836155970	1683836156272	OK	 
USER	S_ObtenerListadoPerros	167	END	1683836155969	1683836156272
USER	S_ObtenerListadoPerros	166	END	1683836155969	1683836156273
REQUEST	168		R_ObtenerListadoPerros	1683836156000	1683836156294	OK	 
USER	S_ObtenerListadoPerros	168	END	1683836155999	1683836156295
USER	S_ObtenerListadoPerros	169	START	1683836156369	1683836156369
USER	S_ObtenerListadoPerros	171	START	1683836156369	1683836156369
USER	S_ObtenerListadoPerros	170	START	1683836156369	1683836156369
USER	S_ObtenerListadoPerros	172	START	1683836156509	1683836156509
USER	S_ObtenerListadoPerros	173	START	1683836156559	1683836156559
USER	S_ObtenerListadoPerros	174	START	1683836156620	1683836156620
REQUEST	170		R_ObtenerListadoPerros	1683836156370	1683836156661	OK	 
USER	S_ObtenerListadoPerros	170	END	1683836156369	1683836156662
REQUEST	169		R_ObtenerListadoPerros	1683836156370	1683836156664	OK	 
USER	S_ObtenerListadoPerros	169	END	1683836156369	1683836156665
REQUEST	171		R_ObtenerListadoPerros	1683836156370	1683836156687	OK	 
USER	S_ObtenerListadoPerros	171	END	1683836156369	1683836156687
REQUEST	172		R_ObtenerListadoPerros	1683836156510	1683836156793	OK	 
USER	S_ObtenerListadoPerros	172	END	1683836156509	1683836156794
USER	S_ObtenerListadoPerros	175	START	1683836156849	1683836156849
REQUEST	173		R_ObtenerListadoPerros	1683836156560	1683836156878	OK	 
USER	S_ObtenerListadoPerros	173	END	1683836156559	1683836156879
USER	S_ObtenerListadoPerros	176	START	1683836156899	1683836156899
REQUEST	174		R_ObtenerListadoPerros	1683836156621	1683836156925	OK	 
USER	S_ObtenerListadoPerros	174	END	1683836156620	1683836156925
USER	S_ObtenerListadoPerros	177	START	1683836156929	1683836156929
USER	S_ObtenerListadoPerros	178	START	1683836156942	1683836156942
USER	S_ObtenerListadoPerros	179	START	1683836157020	1683836157020
USER	S_ObtenerListadoPerros	180	START	1683836157129	1683836157129
REQUEST	175		R_ObtenerListadoPerros	1683836156850	1683836157141	OK	 
USER	S_ObtenerListadoPerros	175	END	1683836156849	1683836157142
USER	S_ObtenerListadoPerros	181	START	1683836157160	1683836157160
REQUEST	176		R_ObtenerListadoPerros	1683836156900	1683836157197	OK	 
USER	S_ObtenerListadoPerros	176	END	1683836156899	1683836157199
REQUEST	177		R_ObtenerListadoPerros	1683836156930	1683836157227	OK	 
REQUEST	178		R_ObtenerListadoPerros	1683836156942	1683836157228	OK	 
USER	S_ObtenerListadoPerros	177	END	1683836156929	1683836157228
USER	S_ObtenerListadoPerros	178	END	1683836156942	1683836157229
REQUEST	179		R_ObtenerListadoPerros	1683836157020	1683836157321	OK	 
USER	S_ObtenerListadoPerros	179	END	1683836157020	1683836157322
USER	S_ObtenerListadoPerros	182	START	1683836157378	1683836157378
REQUEST	180		R_ObtenerListadoPerros	1683836157130	1683836157441	OK	 
USER	S_ObtenerListadoPerros	180	END	1683836157129	1683836157442
USER	S_ObtenerListadoPerros	183	START	1683836157441	1683836157441
USER	S_ObtenerListadoPerros	184	START	1683836157459	1683836157459
REQUEST	181		R_ObtenerListadoPerros	1683836157161	1683836157476	OK	 
USER	S_ObtenerListadoPerros	181	END	1683836157160	1683836157478
USER	S_ObtenerListadoPerros	186	START	1683836157519	1683836157519
USER	S_ObtenerListadoPerros	185	START	1683836157519	1683836157519
USER	S_ObtenerListadoPerros	187	START	1683836157627	1683836157627
USER	S_ObtenerListadoPerros	188	START	1683836157629	1683836157629
REQUEST	182		R_ObtenerListadoPerros	1683836157378	1683836157680	OK	 
USER	S_ObtenerListadoPerros	182	END	1683836157378	1683836157681
REQUEST	183		R_ObtenerListadoPerros	1683836157442	1683836157728	OK	 
USER	S_ObtenerListadoPerros	183	END	1683836157441	1683836157729
REQUEST	184		R_ObtenerListadoPerros	1683836157460	1683836157747	OK	 
USER	S_ObtenerListadoPerros	184	END	1683836157459	1683836157747
USER	S_ObtenerListadoPerros	189	START	1683836157808	1683836157808
REQUEST	185		R_ObtenerListadoPerros	1683836157520	1683836157810	OK	 
USER	S_ObtenerListadoPerros	185	END	1683836157519	1683836157810
USER	S_ObtenerListadoPerros	190	START	1683836157828	1683836157828
REQUEST	186		R_ObtenerListadoPerros	1683836157520	1683836157837	OK	 
USER	S_ObtenerListadoPerros	186	END	1683836157519	1683836157838
USER	S_ObtenerListadoPerros	191	START	1683836157844	1683836157844
USER	S_ObtenerListadoPerros	192	START	1683836157849	1683836157849
USER	S_ObtenerListadoPerros	193	START	1683836157874	1683836157874
REQUEST	187		R_ObtenerListadoPerros	1683836157627	1683836157932	OK	 
USER	S_ObtenerListadoPerros	187	END	1683836157627	1683836157933
USER	S_ObtenerListadoPerros	194	START	1683836157969	1683836157969
REQUEST	188		R_ObtenerListadoPerros	1683836157630	1683836158040	OK	 
USER	S_ObtenerListadoPerros	188	END	1683836157629	1683836158041
USER	S_ObtenerListadoPerros	195	START	1683836158045	1683836158045
REQUEST	190		R_ObtenerListadoPerros	1683836157829	1683836158137	OK	 
REQUEST	189		R_ObtenerListadoPerros	1683836157808	1683836158137	OK	 
USER	S_ObtenerListadoPerros	190	END	1683836157828	1683836158138
USER	S_ObtenerListadoPerros	189	END	1683836157808	1683836158138
REQUEST	192		R_ObtenerListadoPerros	1683836157850	1683836158153	OK	 
REQUEST	191		R_ObtenerListadoPerros	1683836157845	1683836158153	OK	 
USER	S_ObtenerListadoPerros	192	END	1683836157849	1683836158155
USER	S_ObtenerListadoPerros	191	END	1683836157844	1683836158155
USER	S_ObtenerListadoPerros	196	START	1683836158200	1683836158200
REQUEST	193		R_ObtenerListadoPerros	1683836157875	1683836158209	OK	 
USER	S_ObtenerListadoPerros	193	END	1683836157874	1683836158210
REQUEST	194		R_ObtenerListadoPerros	1683836157970	1683836158278	OK	 
USER	S_ObtenerListadoPerros	194	END	1683836157969	1683836158279
REQUEST	195		R_ObtenerListadoPerros	1683836158045	1683836158343	OK	 
USER	S_ObtenerListadoPerros	195	END	1683836158045	1683836158344
USER	S_ObtenerListadoPerros	197	START	1683836158416	1683836158416
USER	S_ObtenerListadoPerros	198	START	1683836158431	1683836158431
USER	S_ObtenerListadoPerros	199	START	1683836158509	1683836158509
REQUEST	196		R_ObtenerListadoPerros	1683836158201	1683836158512	OK	 
USER	S_ObtenerListadoPerros	196	END	1683836158200	1683836158512
REQUEST	197		R_ObtenerListadoPerros	1683836158416	1683836158698	OK	 
USER	S_ObtenerListadoPerros	197	END	1683836158416	1683836158699
USER	S_ObtenerListadoPerros	200	START	1683836158699	1683836158699
USER	S_ObtenerListadoPerros	201	START	1683836158712	1683836158712
REQUEST	198		R_ObtenerListadoPerros	1683836158432	1683836158750	OK	 
USER	S_ObtenerListadoPerros	198	END	1683836158431	1683836158752
USER	S_ObtenerListadoPerros	202	START	1683836158759	1683836158759
USER	S_ObtenerListadoPerros	203	START	1683836158790	1683836158790
REQUEST	199		R_ObtenerListadoPerros	1683836158510	1683836158811	OK	 
USER	S_ObtenerListadoPerros	199	END	1683836158509	1683836158812
USER	S_ObtenerListadoPerros	204	START	1683836158899	1683836158899
REQUEST	200		R_ObtenerListadoPerros	1683836158700	1683836158987	OK	 
USER	S_ObtenerListadoPerros	200	END	1683836158699	1683836158988
REQUEST	201		R_ObtenerListadoPerros	1683836158712	1683836159028	OK	 
USER	S_ObtenerListadoPerros	201	END	1683836158712	1683836159029
USER	S_ObtenerListadoPerros	205	START	1683836159053	1683836159053
REQUEST	202		R_ObtenerListadoPerros	1683836158759	1683836159075	OK	 
USER	S_ObtenerListadoPerros	202	END	1683836158759	1683836159076
REQUEST	203		R_ObtenerListadoPerros	1683836158790	1683836159093	OK	 
USER	S_ObtenerListadoPerros	203	END	1683836158790	1683836159094
USER	S_ObtenerListadoPerros	206	START	1683836159130	1683836159130
REQUEST	204		R_ObtenerListadoPerros	1683836158900	1683836159188	OK	 
USER	S_ObtenerListadoPerros	204	END	1683836158899	1683836159189
USER	S_ObtenerListadoPerros	207	START	1683836159208	1683836159208
USER	S_ObtenerListadoPerros	208	START	1683836159223	1683836159223
USER	S_ObtenerListadoPerros	209	START	1683836159239	1683836159239
USER	S_ObtenerListadoPerros	210	START	1683836159239	1683836159239
USER	S_ObtenerListadoPerros	211	START	1683836159254	1683836159254
USER	S_ObtenerListadoPerros	212	START	1683836159285	1683836159285
USER	S_ObtenerListadoPerros	213	START	1683836159289	1683836159289
REQUEST	205		R_ObtenerListadoPerros	1683836159054	1683836159351	OK	 
USER	S_ObtenerListadoPerros	205	END	1683836159053	1683836159352
USER	S_ObtenerListadoPerros	214	START	1683836159380	1683836159380
REQUEST	206		R_ObtenerListadoPerros	1683836159130	1683836159436	OK	 
USER	S_ObtenerListadoPerros	206	END	1683836159130	1683836159437
USER	S_ObtenerListadoPerros	215	START	1683836159441	1683836159441
REQUEST	207		R_ObtenerListadoPerros	1683836159208	1683836159519	OK	 
USER	S_ObtenerListadoPerros	207	END	1683836159208	1683836159519
REQUEST	208		R_ObtenerListadoPerros	1683836159223	1683836159533	OK	 
REQUEST	210		R_ObtenerListadoPerros	1683836159239	1683836159533	OK	 
REQUEST	209		R_ObtenerListadoPerros	1683836159239	1683836159533	OK	 
USER	S_ObtenerListadoPerros	208	END	1683836159223	1683836159534
USER	S_ObtenerListadoPerros	209	END	1683836159239	1683836159534
USER	S_ObtenerListadoPerros	210	END	1683836159239	1683836159534
USER	S_ObtenerListadoPerros	216	START	1683836159534	1683836159534
USER	S_ObtenerListadoPerros	217	START	1683836159534	1683836159534
REQUEST	211		R_ObtenerListadoPerros	1683836159255	1683836159565	OK	 
USER	S_ObtenerListadoPerros	211	END	1683836159254	1683836159566
REQUEST	213		R_ObtenerListadoPerros	1683836159290	1683836159589	OK	 
USER	S_ObtenerListadoPerros	213	END	1683836159289	1683836159590
REQUEST	212		R_ObtenerListadoPerros	1683836159286	1683836159591	OK	 
USER	S_ObtenerListadoPerros	212	END	1683836159285	1683836159591
USER	S_ObtenerListadoPerros	218	START	1683836159610	1683836159610
REQUEST	214		R_ObtenerListadoPerros	1683836159380	1683836159683	OK	 
USER	S_ObtenerListadoPerros	214	END	1683836159380	1683836159685
USER	S_ObtenerListadoPerros	219	START	1683836159736	1683836159736
REQUEST	215		R_ObtenerListadoPerros	1683836159442	1683836159742	OK	 
USER	S_ObtenerListadoPerros	215	END	1683836159441	1683836159743
USER	S_ObtenerListadoPerros	220	START	1683836159766	1683836159766
USER	S_ObtenerListadoPerros	222	START	1683836159769	1683836159769
USER	S_ObtenerListadoPerros	221	START	1683836159769	1683836159769
REQUEST	217		R_ObtenerListadoPerros	1683836159534	1683836159814	OK	 
USER	S_ObtenerListadoPerros	223	START	1683836159814	1683836159814
USER	S_ObtenerListadoPerros	217	END	1683836159534	1683836159815
REQUEST	216		R_ObtenerListadoPerros	1683836159534	1683836159822	OK	 
USER	S_ObtenerListadoPerros	216	END	1683836159534	1683836159822
USER	S_ObtenerListadoPerros	224	START	1683836159830	1683836159830
USER	S_ObtenerListadoPerros	225	START	1683836159849	1683836159849
USER	S_ObtenerListadoPerros	226	START	1683836159849	1683836159849
USER	S_ObtenerListadoPerros	228	START	1683836159861	1683836159861
USER	S_ObtenerListadoPerros	227	START	1683836159861	1683836159861
REQUEST	218		R_ObtenerListadoPerros	1683836159610	1683836159925	OK	 
USER	S_ObtenerListadoPerros	218	END	1683836159610	1683836159926
USER	S_ObtenerListadoPerros	229	START	1683836160001	1683836160001
USER	S_ObtenerListadoPerros	230	START	1683836160017	1683836160017
USER	S_ObtenerListadoPerros	231	START	1683836160033	1683836160033
REQUEST	219		R_ObtenerListadoPerros	1683836159736	1683836160052	OK	 
USER	S_ObtenerListadoPerros	219	END	1683836159736	1683836160053
USER	S_ObtenerListadoPerros	232	START	1683836160079	1683836160079
REQUEST	222		R_ObtenerListadoPerros	1683836159770	1683836160090	OK	 
USER	S_ObtenerListadoPerros	222	END	1683836159769	1683836160091
REQUEST	220		R_ObtenerListadoPerros	1683836159767	1683836160093	OK	 
USER	S_ObtenerListadoPerros	220	END	1683836159766	1683836160093
REQUEST	221		R_ObtenerListadoPerros	1683836159770	1683836160095	OK	 
USER	S_ObtenerListadoPerros	221	END	1683836159769	1683836160096
REQUEST	223		R_ObtenerListadoPerros	1683836159814	1683836160122	OK	 
USER	S_ObtenerListadoPerros	223	END	1683836159814	1683836160123
REQUEST	224		R_ObtenerListadoPerros	1683836159830	1683836160135	OK	 
USER	S_ObtenerListadoPerros	224	END	1683836159830	1683836160136
REQUEST	226		R_ObtenerListadoPerros	1683836159850	1683836160160	OK	 
USER	S_ObtenerListadoPerros	226	END	1683836159849	1683836160161
REQUEST	225		R_ObtenerListadoPerros	1683836159850	1683836160174	OK	 
USER	S_ObtenerListadoPerros	225	END	1683836159849	1683836160175
REQUEST	228		R_ObtenerListadoPerros	1683836159861	1683836160177	OK	 
USER	S_ObtenerListadoPerros	228	END	1683836159861	1683836160178
REQUEST	227		R_ObtenerListadoPerros	1683836159861	1683836160178	OK	 
USER	S_ObtenerListadoPerros	227	END	1683836159861	1683836160179
USER	S_ObtenerListadoPerros	233	START	1683836160219	1683836160219
USER	S_ObtenerListadoPerros	234	START	1683836160239	1683836160239
USER	S_ObtenerListadoPerros	235	START	1683836160267	1683836160267
USER	S_ObtenerListadoPerros	236	START	1683836160269	1683836160269
USER	S_ObtenerListadoPerros	237	START	1683836160283	1683836160283
USER	S_ObtenerListadoPerros	238	START	1683836160298	1683836160298
USER	S_ObtenerListadoPerros	239	START	1683836160299	1683836160299
REQUEST	230		R_ObtenerListadoPerros	1683836160017	1683836160304	OK	 
USER	S_ObtenerListadoPerros	230	END	1683836160017	1683836160305
REQUEST	229		R_ObtenerListadoPerros	1683836160004	1683836160336	OK	 
USER	S_ObtenerListadoPerros	229	END	1683836160001	1683836160337
REQUEST	231		R_ObtenerListadoPerros	1683836160033	1683836160342	OK	 
USER	S_ObtenerListadoPerros	231	END	1683836160033	1683836160343
REQUEST	232		R_ObtenerListadoPerros	1683836160080	1683836160377	OK	 
USER	S_ObtenerListadoPerros	232	END	1683836160079	1683836160378
USER	S_ObtenerListadoPerros	240	START	1683836160530	1683836160530
REQUEST	233		R_ObtenerListadoPerros	1683836160220	1683836160531	OK	 
REQUEST	234		R_ObtenerListadoPerros	1683836160240	1683836160531	OK	 
USER	S_ObtenerListadoPerros	234	END	1683836160239	1683836160532
USER	S_ObtenerListadoPerros	233	END	1683836160219	1683836160532
USER	S_ObtenerListadoPerros	241	START	1683836160549	1683836160549
USER	S_ObtenerListadoPerros	242	START	1683836160562	1683836160562
REQUEST	236		R_ObtenerListadoPerros	1683836160270	1683836160568	OK	 
USER	S_ObtenerListadoPerros	236	END	1683836160269	1683836160568
USER	S_ObtenerListadoPerros	243	START	1683836160577	1683836160577
USER	S_ObtenerListadoPerros	244	START	1683836160579	1683836160579
REQUEST	237		R_ObtenerListadoPerros	1683836160284	1683836160585	OK	 
USER	S_ObtenerListadoPerros	237	END	1683836160283	1683836160586
REQUEST	238		R_ObtenerListadoPerros	1683836160299	1683836160609	OK	 
USER	S_ObtenerListadoPerros	245	START	1683836160609	1683836160609
USER	S_ObtenerListadoPerros	238	END	1683836160298	1683836160611
REQUEST	239		R_ObtenerListadoPerros	1683836160300	1683836160612	OK	 
USER	S_ObtenerListadoPerros	239	END	1683836160299	1683836160613
USER	S_ObtenerListadoPerros	246	START	1683836160639	1683836160639
USER	S_ObtenerListadoPerros	247	START	1683836160670	1683836160670
REQUEST	235		R_ObtenerListadoPerros	1683836160267	1683836160680	OK	 
USER	S_ObtenerListadoPerros	235	END	1683836160267	1683836160683
REQUEST	240		R_ObtenerListadoPerros	1683836160531	1683836160841	OK	 
USER	S_ObtenerListadoPerros	240	END	1683836160530	1683836160843
REQUEST	241		R_ObtenerListadoPerros	1683836160550	1683836160849	OK	 
USER	S_ObtenerListadoPerros	241	END	1683836160549	1683836160850
REQUEST	242		R_ObtenerListadoPerros	1683836160562	1683836160862	OK	 
USER	S_ObtenerListadoPerros	242	END	1683836160562	1683836160863
REQUEST	243		R_ObtenerListadoPerros	1683836160578	1683836160872	OK	 
USER	S_ObtenerListadoPerros	243	END	1683836160577	1683836160873
REQUEST	244		R_ObtenerListadoPerros	1683836160580	1683836160882	OK	 
USER	S_ObtenerListadoPerros	244	END	1683836160579	1683836160883
REQUEST	245		R_ObtenerListadoPerros	1683836160610	1683836160902	OK	 
USER	S_ObtenerListadoPerros	245	END	1683836160609	1683836160903
REQUEST	246		R_ObtenerListadoPerros	1683836160640	1683836160938	OK	 
USER	S_ObtenerListadoPerros	246	END	1683836160639	1683836160939
REQUEST	247		R_ObtenerListadoPerros	1683836160671	1683836160975	OK	 
USER	S_ObtenerListadoPerros	247	END	1683836160670	1683836160976
